#
# A fatal error has been detected by the Java Runtime Environment:
#
#  SIGSEGV (0xb) at pc=0x0000000105648f78, pid=5443, tid=0x0000000000004b03
#
# JRE version: Java(TM) SE Runtime Environment (8.0_92-b14) (build 1.8.0_92-b14)
# Java VM: Java HotSpot(TM) 64-Bit Server VM (25.92-b14 mixed mode bsd-amd64 compressed oops)
# Problematic frame:
# V  [libjvm.dylib+0x448f78]
#
# Failed to write core dump. Core dumps have been disabled. To enable core dumping, try "ulimit -c unlimited" before starting Java again
#
# If you would like to submit a bug report, please visit:
#   http://bugreport.java.com/bugreport/crash.jsp
#

---------------  T H R E A D  ---------------

Current thread (0x00007fe371800000):  JavaThread "JDWP Transport Listener: dt_socket" daemon [_thread_in_vm, id=19203, stack(0x0000700000f47000,0x0000700001047000)]

siginfo: si_signo: 11 (SIGSEGV), si_code: 1 (SEGV_MAPERR), si_addr: 0x0000040000000000

Registers:
RAX=0x0000000000000001, RBX=0x0000700001046a8b, RCX=0x0000000105a1a360, RDX=0x0000700001046a8b
RSP=0x00007000010469d0, RBP=0x00007000010469e0, RSI=0x00007fe371800000, RDI=0x0000040000000000
R8 =0x0000000000000010, R9 =0x00007fe370f407c0, R10=0x0000000006757b32, R11=0x00007fe370f00000
R12=0x00007fe371800000, R13=0x0000040000000000, R14=0x0000040000000000, R15=0x00007fe370f00790
RIP=0x0000000105648f78, EFLAGS=0x0000000000010206, ERR=0x0000000000000004
  TRAPNO=0x000000000000000e

Top of Stack: (sp=0x00007000010469d0)
0x00007000010469d0:   0000700001046a8b 0000700001046a8b
0x00007000010469e0:   0000700001046a40 0000000105557e66
0x00007000010469f0:   00007fe371800000 0000000000000000
0x0000700001046a00:   0000000000000000 0000000000000000
0x0000700001046a10:   00007fe371800000 00007fe371800000
0x0000700001046a20:   0000700001046a8b 0000700001046a90
0x0000700001046a30:   0000040000000000 0000000000000022
0x0000700001046a40:   0000700001046a60 00000001040cd780
0x0000700001046a50:   0000000000000001 0000700001046b08
0x0000700001046a60:   0000700001046ad0 00000001040b21f3
0x0000700001046a70:   0000700001046aa0 00007fe376b40fa0
0x0000700001046a80:   0000002300000032 f000100801046b08
0x0000700001046a90:   0000000000000000 0000000000000000
0x0000700001046aa0:   0000000000000000 0000700001046c90
0x0000700001046ab0:   00000001040d4e7a 00007fe370f2d0f0
0x0000700001046ac0:   0000700001046b08 00000001040e0598
0x0000700001046ad0:   0000700001046ae0 00000001040b22ec
0x0000700001046ae0:   0000700001046d00 00000001040bb898
0x0000700001046af0:   00002d0100000013 00000000000f0200
0x0000700001046b00:   00007fe376b08150 00007fe378a4ddc4
0x0000700001046b10:   00007fe3000010fc 00007fe376b411f0
0x0000700001046b20:   000000000000012c 0000700001046b58
0x0000700001046b30:   00007fe376b41240 0000000000000000
0x0000700001046b40:   00002d010000001c 00007fff00004c80
0x0000700001046b50:   0000700001046b58 e37f000023000000
0x0000700001046b60:   09000000e811b376 614d6e6d756c6f63
0x0000700001046b70:   6a4c282c00000070 6c6974752f617661
0x0000700001046b80:   4d646574726f532f 76616a4c293b7061
0x0000700001046b90:   532f6c6974752f61 70614d646574726f
0x0000700001046ba0:   6a4c28af0000003b 6c6974752f617661
0x0000700001046bb0:   4d646574726f532f 2f67726f4c3c7061
0x0000700001046bc0:   612f656863617061 2f6f6c756d756363 

Instructions: (pc=0x0000000105648f78)
0x0000000105648f58:   40 48 48 85 c0 75 e0 30 c0 0f b6 c0 5d c3 31 c0
0x0000000105648f68:   5d c3 55 48 89 e5 53 48 83 ec 08 48 85 ff 74 24
0x0000000105648f78:   48 8b 1f 48 85 db 74 1c 48 83 fb 37 74 16 48 8b
0x0000000105648f88:   03 48 89 df ff 50 10 84 c0 b8 00 00 00 00 48 0f 

Register to memory mapping:

RAX=0x0000000000000001 is an unknown value
RBX=0x0000700001046a8b is pointing into the stack for thread: 0x00007fe371800000
RCX=0x0000000105a1a360: UseMembar+0 in /Library/Java/JavaVirtualMachines/jdk1.8.0_92.jdk/Contents/Home/jre/lib/server/libjvm.dylib at 0x0000000105200000
RDX=0x0000700001046a8b is pointing into the stack for thread: 0x00007fe371800000
RSP=0x00007000010469d0 is pointing into the stack for thread: 0x00007fe371800000
RBP=0x00007000010469e0 is pointing into the stack for thread: 0x00007fe371800000
RSI=0x00007fe371800000 is a thread
RDI=0x0000040000000000 is an unknown value
R8 =0x0000000000000010 is an unknown value
R9 =0x00007fe370f407c0 is an unknown value
R10=0x0000000006757b32 is an unknown value
R11=0x00007fe370f00000 is an unknown value
R12=0x00007fe371800000 is a thread
R13=0x0000040000000000 is an unknown value
R14=0x0000040000000000 is an unknown value
R15=0x00007fe370f00790 is an unknown value


Stack: [0x0000700000f47000,0x0000700001047000],  sp=0x00007000010469d0,  free space=1022k
Native frames: (J=compiled Java code, j=interpreted, Vv=VM code, C=native code)
V  [libjvm.dylib+0x448f78]
V  [libjvm.dylib+0x357e66]
C  [libjdwp.dylib+0x20780]  isMethodSynthetic+0x63
C  [libjdwp.dylib+0x51f3]  methods1+0x10b
C  [libjdwp.dylib+0x52ec]  methodsWithGeneric+0xe
C  [libjdwp.dylib+0xe898]  debugLoop_run+0x1ce
C  [libjdwp.dylib+0x1f6ba]  attachThread+0x4d
V  [libjvm.dylib+0x3991cc]
V  [libjvm.dylib+0x564c57]
V  [libjvm.dylib+0x566344]
V  [libjvm.dylib+0x485bbe]
C  [libsystem_pthread.dylib+0x399d]  _pthread_body+0x83
C  [libsystem_pthread.dylib+0x391a]  _pthread_body+0x0
C  [libsystem_pthread.dylib+0x1351]  thread_start+0xd
C  0x0000000000000000


---------------  P R O C E S S  ---------------

Java Threads: ( => current thread )
  0x00007fe379075800 JavaThread "BatchWriterLatencyTimer" daemon [_thread_blocked, id=57131, stack(0x0000700002695000,0x0000700002795000)]
  0x00007fe379982000 JavaThread "BatchWriterLatencyTimer" daemon [_thread_blocked, id=62983, stack(0x000070000238c000,0x000070000248c000)]
  0x00007fe37216c000 JavaThread "WeakCollectionCleaner" daemon [_thread_blocked, id=62727, stack(0x0000700002592000,0x0000700002692000)]
  0x00007fe378939800 JavaThread "GT authority factory disposer" daemon [_thread_blocked, id=62471, stack(0x000070000248f000,0x000070000258f000)]
  0x00007fe372ca1000 JavaThread "Java2D Queue Flusher" daemon [_thread_blocked, id=37907, stack(0x0000700002289000,0x0000700002389000)]
  0x00007fe372d5b800 JavaThread "Java2D Disposer" daemon [_thread_blocked, id=40719, stack(0x0000700002186000,0x0000700002286000)]
  0x00007fe371247000 JavaThread "BatchWriterLatencyTimer" daemon [_thread_blocked, id=41227, stack(0x0000700001e77000,0x0000700001f77000)]
  0x00007fe3720bd000 JavaThread "pool-2-thread-1" daemon [_thread_blocked, id=57863, stack(0x0000700002083000,0x0000700002183000)]
  0x00007fe372c28800 JavaThread "pool-1-thread-1" [_thread_blocked, id=36139, stack(0x0000700001cf1000,0x0000700001df1000)]
  0x00007fe371a3a000 JavaThread "AWT-AppKit" daemon [_thread_in_native, id=2571, stack(0x00007fff5b617000,0x00007fff5be17000)]
  0x00007fe3722d3800 JavaThread "Thrift Connection Pool Checker" daemon [_thread_blocked, id=26371, stack(0x0000700001b6b000,0x0000700001c6b000)]
  0x00007fe373820800 JavaThread "main-EventThread" daemon [_thread_blocked, id=25859, stack(0x0000700001a68000,0x0000700001b68000)]
  0x00007fe371a6d000 JavaThread "main-SendThread(accumulodev:2181)" daemon [_thread_in_native, id=25359, stack(0x0000700001965000,0x0000700001a65000)]
  0x00007fe371128000 JavaThread "ReaderThread" [_thread_in_native, id=23811, stack(0x0000700001862000,0x0000700001962000)]
  0x00007fe371004800 JavaThread "Service Thread" daemon [_thread_blocked, id=22787, stack(0x000070000165c000,0x000070000175c000)]
  0x00007fe371846800 JavaThread "C1 CompilerThread3" daemon [_thread_blocked, id=22275, stack(0x0000700001559000,0x0000700001659000)]
  0x00007fe371845800 JavaThread "C2 CompilerThread2" daemon [_thread_blocked, id=21763, stack(0x0000700001456000,0x0000700001556000)]
  0x00007fe371844800 JavaThread "C2 CompilerThread1" daemon [_thread_blocked, id=21251, stack(0x0000700001353000,0x0000700001453000)]
  0x00007fe37101d800 JavaThread "C2 CompilerThread0" daemon [_thread_blocked, id=20739, stack(0x0000700001250000,0x0000700001350000)]
  0x00007fe371012800 JavaThread "JDWP Command Reader" daemon [_thread_in_native, id=20227, stack(0x000070000114d000,0x000070000124d000)]
  0x00007fe371842800 JavaThread "JDWP Event Helper Thread" daemon [_thread_blocked, id=19715, stack(0x000070000104a000,0x000070000114a000)]
=>0x00007fe371800000 JavaThread "JDWP Transport Listener: dt_socket" daemon [_thread_in_vm, id=19203, stack(0x0000700000f47000,0x0000700001047000)]
  0x00007fe371841800 JavaThread "Signal Dispatcher" daemon [_thread_blocked, id=14863, stack(0x0000700000e44000,0x0000700000f44000)]
  0x00007fe37204a800 JavaThread "Finalizer" daemon [_thread_blocked, id=14339, stack(0x0000700000c3b000,0x0000700000d3b000)]
  0x00007fe371010800 JavaThread "Reference Handler" daemon [_thread_blocked, id=13827, stack(0x0000700000b38000,0x0000700000c38000)]
  0x00007fe37180c000 JavaThread "main" [_thread_blocked, id=5891, stack(0x000070000011a000,0x000070000021a000)]

Other Threads:
  0x00007fe372047800 VMThread [stack: 0x0000700000a35000,0x0000700000b35000] [id=13315]
  0x00007fe371879800 WatcherThread [stack: 0x000070000175f000,0x000070000185f000] [id=23299]

VM state:not at safepoint (normal execution)

VM Mutex/Monitor currently owned by a thread: None

Heap:
 PSYoungGen      total 335360K, used 229690K [0x000000076ab00000, 0x000000078b600000, 0x00000007c0000000)
  eden space 325632K, 68% used [0x000000076ab00000,0x00000007784d2770,0x000000077e900000)
  from space 9728K, 68% used [0x000000077e900000,0x000000077ef7c0a0,0x000000077f280000)
  to   space 9216K, 0% used [0x000000078ad00000,0x000000078ad00000,0x000000078b600000)
 ParOldGen       total 73216K, used 14812K [0x00000006c0000000, 0x00000006c4780000, 0x000000076ab00000)
  object space 73216K, 20% used [0x00000006c0000000,0x00000006c0e770b0,0x00000006c4780000)
 Metaspace       used 34627K, capacity 35070K, committed 35200K, reserved 1079296K
  class space    used 4840K, capacity 4953K, committed 4992K, reserved 1048576K

Card table byte_map: [0x0000000115557000,0x0000000115d58000] byte_map_base: 0x0000000111f57000

Marking Bits: (ParMarkBitMap*) 0x0000000105ae8bd0
 Begin Bits: [0x00000001162ae000, 0x000000011a2ae000)
 End Bits:   [0x000000011a2ae000, 0x000000011e2ae000)

Polling page: 0x00000001040ac000

CodeCache: size=245760Kb used=6542Kb max_used=6731Kb free=239217Kb
 bounds [0x0000000106197000, 0x0000000106837000, 0x0000000115197000]
 total_blobs=2711 nmethods=2148 adapters=484
 compilation: enabled

Compilation events (10 events):
Event: 918.492 Thread 0x00007fe371845800 2432   !   4       org.apache.accumulo.core.client.impl.TabletServerBatchWriter$FailedMutations::run (170 bytes)
Event: 918.494 Thread 0x00007fe371845800 nmethod 2432 0x000000010677d550 code [0x000000010677d6a0, 0x000000010677d8b8]
Event: 923.517 Thread 0x00007fe371846800 2433       3       java.util.TaskQueue::rescheduleMin (16 bytes)
Event: 923.517 Thread 0x00007fe371846800 nmethod 2433 0x000000010677d0d0 code [0x000000010677d240, 0x000000010677d408]
Event: 968.491 Thread 0x00007fe371846800 2435       3       java.nio.Bits::copyToArray (68 bytes)
Event: 968.491 Thread 0x00007fe371846800 nmethod 2435 0x00000001064422d0 code [0x0000000106442460, 0x00000001064427e8]
Event: 968.491 Thread 0x00007fe371846800 2434       3       java.nio.DirectByteBuffer::get (126 bytes)
Event: 968.492 Thread 0x00007fe371846800 nmethod 2434 0x0000000106443bd0 code [0x0000000106443dc0, 0x0000000106444548]
Event: 1018.508 Thread 0x00007fe371846800 2436       3       java.nio.HeapByteBuffer::put (167 bytes)
Event: 1018.509 Thread 0x00007fe371846800 nmethod 2436 0x0000000106700dd0 code [0x0000000106701060, 0x00000001067023f8]

GC Heap History (10 events):
Event: 13.611 GC heap before
{Heap before GC invocations=10 (full 1):
 PSYoungGen      total 137216K, used 133017K [0x000000076ab00000, 0x0000000773b80000, 0x00000007c0000000)
  eden space 128512K, 99% used [0x000000076ab00000,0x0000000772767548,0x0000000772880000)
  from space 8704K, 64% used [0x0000000773180000,0x00000007736ff010,0x0000000773a00000)
  to   space 9216K, 0% used [0x0000000772880000,0x0000000772880000,0x0000000773180000)
 ParOldGen       total 73216K, used 11170K [0x00000006c0000000, 0x00000006c4780000, 0x000000076ab00000)
  object space 73216K, 15% used [0x00000006c0000000,0x00000006c0ae8a00,0x00000006c4780000)
 Metaspace       used 29025K, capacity 29306K, committed 29440K, reserved 1075200K
  class space    used 3969K, capacity 4051K, committed 4096K, reserved 1048576K
Event: 13.614 GC heap after
Heap after GC invocations=10 (full 1):
 PSYoungGen      total 137728K, used 2384K [0x000000076ab00000, 0x0000000778600000, 0x00000007c0000000)
  eden space 128512K, 0% used [0x000000076ab00000,0x000000076ab00000,0x0000000772880000)
  from space 9216K, 25% used [0x0000000772880000,0x0000000772ad42c0,0x0000000773180000)
  to   space 9728K, 0% used [0x0000000777c80000,0x0000000777c80000,0x0000000778600000)
 ParOldGen       total 73216K, used 14804K [0x00000006c0000000, 0x00000006c4780000, 0x000000076ab00000)
  object space 73216K, 20% used [0x00000006c0000000,0x00000006c0e750b0,0x00000006c4780000)
 Metaspace       used 29025K, capacity 29306K, committed 29440K, reserved 1075200K
  class space    used 3969K, capacity 4051K, committed 4096K, reserved 1048576K
}
Event: 13.639 GC heap before
{Heap before GC invocations=11 (full 1):
 PSYoungGen      total 137728K, used 130706K [0x000000076ab00000, 0x0000000778600000, 0x00000007c0000000)
  eden space 128512K, 99% used [0x000000076ab00000,0x0000000772850770,0x0000000772880000)
  from space 9216K, 25% used [0x0000000772880000,0x0000000772ad42c0,0x0000000773180000)
  to   space 9728K, 0% used [0x0000000777c80000,0x0000000777c80000,0x0000000778600000)
 ParOldGen       total 73216K, used 14804K [0x00000006c0000000, 0x00000006c4780000, 0x000000076ab00000)
  object space 73216K, 20% used [0x00000006c0000000,0x00000006c0e750b0,0x00000006c4780000)
 Metaspace       used 29025K, capacity 29306K, committed 29440K, reserved 1075200K
  class space    used 3969K, capacity 4051K, committed 4096K, reserved 1048576K
Event: 13.642 GC heap after
Heap after GC invocations=11 (full 1):
 PSYoungGen      total 214528K, used 4178K [0x000000076ab00000, 0x0000000778600000, 0x00000007c0000000)
  eden space 204800K, 0% used [0x000000076ab00000,0x000000076ab00000,0x0000000777300000)
  from space 9728K, 42% used [0x0000000777c80000,0x0000000778094920,0x0000000778600000)
  to   space 9728K, 0% used [0x0000000777300000,0x0000000777300000,0x0000000777c80000)
 ParOldGen       total 73216K, used 14804K [0x00000006c0000000, 0x00000006c4780000, 0x000000076ab00000)
  object space 73216K, 20% used [0x00000006c0000000,0x00000006c0e750b0,0x00000006c4780000)
 Metaspace       used 29025K, capacity 29306K, committed 29440K, reserved 1075200K
  class space    used 3969K, capacity 4051K, committed 4096K, reserved 1048576K
}
Event: 13.714 GC heap before
{Heap before GC invocations=12 (full 1):
 PSYoungGen      total 214528K, used 207877K [0x000000076ab00000, 0x0000000778600000, 0x00000007c0000000)
  eden space 204800K, 99% used [0x000000076ab00000,0x00000007771ecdd0,0x0000000777300000)
  from space 9728K, 42% used [0x0000000777c80000,0x0000000778094920,0x0000000778600000)
  to   space 9728K, 0% used [0x0000000777300000,0x0000000777300000,0x0000000777c80000)
 ParOldGen       total 73216K, used 14804K [0x00000006c0000000, 0x00000006c4780000, 0x000000076ab00000)
  object space 73216K, 20% used [0x00000006c0000000,0x00000006c0e750b0,0x00000006c4780000)
 Metaspace       used 29025K, capacity 29306K, committed 29440K, reserved 1075200K
  class space    used 3969K, capacity 4051K, committed 4096K, reserved 1048576K
Event: 13.717 GC heap after
Heap after GC invocations=12 (full 1):
 PSYoungGen      total 214528K, used 5014K [0x000000076ab00000, 0x000000077fc00000, 0x00000007c0000000)
  eden space 204800K, 0% used [0x000000076ab00000,0x000000076ab00000,0x0000000777300000)
  from space 9728K, 51% used [0x0000000777300000,0x00000007777e5aa0,0x0000000777c80000)
  to   space 9728K, 0% used [0x000000077f280000,0x000000077f280000,0x000000077fc00000)
 ParOldGen       total 73216K, used 14804K [0x00000006c0000000, 0x00000006c4780000, 0x000000076ab00000)
  object space 73216K, 20% used [0x00000006c0000000,0x00000006c0e750b0,0x00000006c4780000)
 Metaspace       used 29025K, capacity 29306K, committed 29440K, reserved 1075200K
  class space    used 3969K, capacity 4051K, committed 4096K, reserved 1048576K
}
Event: 13.760 GC heap before
{Heap before GC invocations=13 (full 1):
 PSYoungGen      total 214528K, used 208570K [0x000000076ab00000, 0x000000077fc00000, 0x00000007c0000000)
  eden space 204800K, 99% used [0x000000076ab00000,0x00000007771c9018,0x0000000777300000)
  from space 9728K, 51% used [0x0000000777300000,0x00000007777e5aa0,0x0000000777c80000)
  to   space 9728K, 0% used [0x000000077f280000,0x000000077f280000,0x000000077fc00000)
 ParOldGen       total 73216K, used 14804K [0x00000006c0000000, 0x00000006c4780000, 0x000000076ab00000)
  object space 73216K, 20% used [0x00000006c0000000,0x00000006c0e750b0,0x00000006c4780000)
 Metaspace       used 29025K, capacity 29306K, committed 29440K, reserved 1075200K
  class space    used 3969K, capacity 4051K, committed 4096K, reserved 1048576K
Event: 13.763 GC heap after
Heap after GC invocations=13 (full 1):
 PSYoungGen      total 335360K, used 5677K [0x000000076ab00000, 0x000000077fc00000, 0x00000007c0000000)
  eden space 325632K, 0% used [0x000000076ab00000,0x000000076ab00000,0x000000077e900000)
  from space 9728K, 58% used [0x000000077f280000,0x000000077f80b560,0x000000077fc00000)
  to   space 9728K, 0% used [0x000000077e900000,0x000000077e900000,0x000000077f280000)
 ParOldGen       total 73216K, used 14812K [0x00000006c0000000, 0x00000006c4780000, 0x000000076ab00000)
  object space 73216K, 20% used [0x00000006c0000000,0x00000006c0e770b0,0x00000006c4780000)
 Metaspace       used 29025K, capacity 29306K, committed 29440K, reserved 1075200K
  class space    used 3969K, capacity 4051K, committed 4096K, reserved 1048576K
}
Event: 13.891 GC heap before
{Heap before GC invocations=14 (full 1):
 PSYoungGen      total 335360K, used 331207K [0x000000076ab00000, 0x000000077fc00000, 0x00000007c0000000)
  eden space 325632K, 99% used [0x000000076ab00000,0x000000077e8e6a30,0x000000077e900000)
  from space 9728K, 58% used [0x000000077f280000,0x000000077f80b560,0x000000077fc00000)
  to   space 9728K, 0% used [0x000000077e900000,0x000000077e900000,0x000000077f280000)
 ParOldGen       total 73216K, used 14812K [0x00000006c0000000, 0x00000006c4780000, 0x000000076ab00000)
  object space 73216K, 20% used [0x00000006c0000000,0x00000006c0e770b0,0x00000006c4780000)
 Metaspace       used 29025K, capacity 29306K, committed 29440K, reserved 1075200K
  class space    used 3969K, capacity 4051K, committed 4096K, reserved 1048576K
Event: 13.897 GC heap after
Heap after GC invocations=14 (full 1):
 PSYoungGen      total 335360K, used 6640K [0x000000076ab00000, 0x000000078b600000, 0x00000007c0000000)
  eden space 325632K, 0% used [0x000000076ab00000,0x000000076ab00000,0x000000077e900000)
  from space 9728K, 68% used [0x000000077e900000,0x000000077ef7c0a0,0x000000077f280000)
  to   space 9216K, 0% used [0x000000078ad00000,0x000000078ad00000,0x000000078b600000)
 ParOldGen       total 73216K, used 14812K [0x00000006c0000000, 0x00000006c4780000, 0x000000076ab00000)
  object space 73216K, 20% used [0x00000006c0000000,0x00000006c0e770b0,0x00000006c4780000)
 Metaspace       used 29025K, capacity 29306K, committed 29440K, reserved 1075200K
  class space    used 3969K, capacity 4051K, committed 4096K, reserved 1048576K
}

Deoptimization events (10 events):
Event: 28.196 Thread 0x00007fe37180c000 Uncommon trap: reason=unhandled action=none pc=0x00000001065e83bc method=java.net.URLClassLoader.findClass(Ljava/lang/String;)Ljava/lang/Class; @ 44
Event: 28.196 Thread 0x00007fe37180c000 Uncommon trap: reason=unhandled action=none pc=0x00000001065e83bc method=java.net.URLClassLoader.findClass(Ljava/lang/String;)Ljava/lang/Class; @ 44
Event: 28.196 Thread 0x00007fe37180c000 Uncommon trap: reason=unhandled action=none pc=0x00000001065e83bc method=java.net.URLClassLoader.findClass(Ljava/lang/String;)Ljava/lang/Class; @ 44
Event: 28.197 Thread 0x00007fe37180c000 Uncommon trap: reason=unhandled action=none pc=0x00000001065e83bc method=java.net.URLClassLoader.findClass(Ljava/lang/String;)Ljava/lang/Class; @ 44
Event: 28.200 Thread 0x00007fe37180c000 Uncommon trap: reason=unhandled action=none pc=0x00000001065e83bc method=java.net.URLClassLoader.findClass(Ljava/lang/String;)Ljava/lang/Class; @ 44
Event: 28.200 Thread 0x00007fe37180c000 Uncommon trap: reason=unhandled action=none pc=0x00000001065e83bc method=java.net.URLClassLoader.findClass(Ljava/lang/String;)Ljava/lang/Class; @ 44
Event: 28.201 Thread 0x00007fe37180c000 Uncommon trap: reason=unhandled action=none pc=0x00000001065e83bc method=java.net.URLClassLoader.findClass(Ljava/lang/String;)Ljava/lang/Class; @ 44
Event: 28.201 Thread 0x00007fe37180c000 Uncommon trap: reason=unhandled action=none pc=0x00000001065e83bc method=java.net.URLClassLoader.findClass(Ljava/lang/String;)Ljava/lang/Class; @ 44
Event: 28.201 Thread 0x00007fe37180c000 Uncommon trap: reason=unhandled action=none pc=0x00000001065e83bc method=java.net.URLClassLoader.findClass(Ljava/lang/String;)Ljava/lang/Class; @ 44
Event: 914.324 Thread 0x00007fe378939800 Uncommon trap: reason=unstable_if action=reinterpret pc=0x000000010663fc04 method=java.util.TaskQueue.fixDown(I)V @ 21

Internal exceptions (10 events):
Event: 12.757 Thread 0x00007fe37180c000 Exception <a 'java/lang/ArrayIndexOutOfBoundsException': 79> (0x000000076bac5bd8) thrown at [/Users/java_re/workspace/8-2-build-macosx-x86_64/jdk8u92/6642/hotspot/src/share/vm/interpreter/interpreterRuntime.cpp, line 366]
Event: 12.762 Thread 0x00007fe37180c000 Exception <a 'java/lang/ArrayIndexOutOfBoundsException': 81> (0x000000076bb14520) thrown at [/Users/java_re/workspace/8-2-build-macosx-x86_64/jdk8u92/6642/hotspot/src/share/vm/interpreter/interpreterRuntime.cpp, line 366]
Event: 12.762 Thread 0x00007fe37180c000 Exception <a 'java/lang/ArrayIndexOutOfBoundsException': 76> (0x000000076bb1fd78) thrown at [/Users/java_re/workspace/8-2-build-macosx-x86_64/jdk8u92/6642/hotspot/src/share/vm/interpreter/interpreterRuntime.cpp, line 366]
Event: 12.763 Thread 0x00007fe37180c000 Exception <a 'java/lang/ArrayIndexOutOfBoundsException': 78> (0x000000076bb21088) thrown at [/Users/java_re/workspace/8-2-build-macosx-x86_64/jdk8u92/6642/hotspot/src/share/vm/interpreter/interpreterRuntime.cpp, line 366]
Event: 12.763 Thread 0x00007fe37180c000 Exception <a 'java/lang/ArrayIndexOutOfBoundsException': 84> (0x000000076bb2cf88) thrown at [/Users/java_re/workspace/8-2-build-macosx-x86_64/jdk8u92/6642/hotspot/src/share/vm/interpreter/interpreterRuntime.cpp, line 366]
Event: 12.763 Thread 0x00007fe37180c000 Exception <a 'java/lang/ArrayIndexOutOfBoundsException': 75> (0x000000076bb2e298) thrown at [/Users/java_re/workspace/8-2-build-macosx-x86_64/jdk8u92/6642/hotspot/src/share/vm/interpreter/interpreterRuntime.cpp, line 366]
Event: 12.764 Thread 0x00007fe37180c000 Exception <a 'java/lang/ArrayIndexOutOfBoundsException': 74> (0x000000076bb3a2b8) thrown at [/Users/java_re/workspace/8-2-build-macosx-x86_64/jdk8u92/6642/hotspot/src/share/vm/interpreter/interpreterRuntime.cpp, line 366]
Event: 14.353 Thread 0x00007fe37180c000 Exception <a 'java/io/FileNotFoundException'> (0x000000077043d8f0) thrown at [/Users/java_re/workspace/8-2-build-macosx-x86_64/jdk8u92/6642/hotspot/src/share/vm/prims/jni.cpp, line 709]
Event: 28.069 Thread 0x00007fe37180c000 Exception <a 'sun/nio/fs/UnixException'> (0x000000077439f590) thrown at [/Users/java_re/workspace/8-2-build-macosx-x86_64/jdk8u92/6642/hotspot/src/share/vm/prims/jni.cpp, line 709]
Event: 28.195 Thread 0x00007fe37180c000 Exception <a 'java/lang/reflect/InvocationTargetException'> (0x0000000775630ec0) thrown at [/Users/java_re/workspace/8-2-build-macosx-x86_64/jdk8u92/6642/hotspot/src/share/vm/runtime/reflection.cpp, line 1092]

Events (10 events):
Event: 1073.202 Executing VM operation: EnterInterpOnlyMode
Event: 1073.202 Executing nested VM operation: Deoptimize
Event: 1073.205 Executing nested VM operation: Deoptimize done
Event: 1073.205 Executing VM operation: EnterInterpOnlyMode done
Event: 1073.205 Executing VM operation: ChangeSingleStep
Event: 1073.205 Executing VM operation: ChangeSingleStep done
Event: 1073.205 Executing VM operation: ChangeSingleStep
Event: 1073.205 Executing VM operation: ChangeSingleStep done
Event: 1073.238 Executing VM operation: RedefineClasses
Event: 1073.283 Executing VM operation: RedefineClasses done


Dynamic libraries:
0x000000000b06e000 	/System/Library/Frameworks/Cocoa.framework/Versions/A/Cocoa
0x000000000b06e000 	/System/Library/Frameworks/Security.framework/Versions/A/Security
0x000000000b06e000 	/System/Library/Frameworks/ApplicationServices.framework/Versions/A/ApplicationServices
0x000000000b06e000 	/usr/lib/libz.1.dylib
0x000000000b06e000 	/usr/lib/libSystem.B.dylib
0x000000000b06e000 	/usr/lib/libobjc.A.dylib
0x000000000b06e000 	/System/Library/Frameworks/CoreFoundation.framework/Versions/A/CoreFoundation
0x000000000b06e000 	/System/Library/Frameworks/Foundation.framework/Versions/C/Foundation
0x000000000b06e000 	/System/Library/Frameworks/AppKit.framework/Versions/C/AppKit
0x000000000b06e000 	/System/Library/Frameworks/CoreData.framework/Versions/A/CoreData
0x000000000b06e000 	/System/Library/PrivateFrameworks/RemoteViewServices.framework/Versions/A/RemoteViewServices
0x000000000b06e000 	/System/Library/PrivateFrameworks/UIFoundation.framework/Versions/A/UIFoundation
0x000000000b06e000 	/usr/lib/libScreenReader.dylib
0x000000000b06e000 	/System/Library/Frameworks/Accelerate.framework/Versions/A/Accelerate
0x000000000b06e000 	/System/Library/Frameworks/IOSurface.framework/Versions/A/IOSurface
0x000000000b06e000 	/System/Library/Frameworks/AudioToolbox.framework/Versions/A/AudioToolbox
0x000000000b06e000 	/System/Library/Frameworks/AudioUnit.framework/Versions/A/AudioUnit
0x000000000b06e000 	/System/Library/PrivateFrameworks/DataDetectorsCore.framework/Versions/A/DataDetectorsCore
0x000000000b06e000 	/System/Library/PrivateFrameworks/DesktopServicesPriv.framework/Versions/A/DesktopServicesPriv
0x000000000b06e000 	/System/Library/Frameworks/Carbon.framework/Versions/A/Frameworks/HIToolbox.framework/Versions/A/HIToolbox
0x000000000b06e000 	/System/Library/Frameworks/QuartzCore.framework/Versions/A/QuartzCore
0x000000000b06e000 	/System/Library/Frameworks/Carbon.framework/Versions/A/Frameworks/SpeechRecognition.framework/Versions/A/SpeechRecognition
0x000000000b06e000 	/usr/lib/libauto.dylib
0x000000000b06e000 	/usr/lib/libicucore.A.dylib
0x000000000b06e000 	/usr/lib/libxml2.2.dylib
0x000000000b06e000 	/System/Library/PrivateFrameworks/CoreUI.framework/Versions/A/CoreUI
0x000000000b06e000 	/System/Library/Frameworks/CoreAudio.framework/Versions/A/CoreAudio
0x000000000b06e000 	/System/Library/Frameworks/DiskArbitration.framework/Versions/A/DiskArbitration
0x000000000b06e000 	/usr/lib/liblangid.dylib
0x000000000b06e000 	/System/Library/PrivateFrameworks/MultitouchSupport.framework/Versions/A/MultitouchSupport
0x000000000b06e000 	/System/Library/Frameworks/IOKit.framework/Versions/A/IOKit
0x000000000b06e000 	/usr/lib/libDiagnosticMessagesClient.dylib
0x000000000b06e000 	/System/Library/Frameworks/CoreServices.framework/Versions/A/CoreServices
0x000000000b06e000 	/System/Library/PrivateFrameworks/PerformanceAnalysis.framework/Versions/A/PerformanceAnalysis
0x000000000b06e000 	/System/Library/PrivateFrameworks/GenerationalStorage.framework/Versions/A/GenerationalStorage
0x000000000b06e000 	/System/Library/Frameworks/OpenGL.framework/Versions/A/OpenGL
0x000000000b06e000 	/System/Library/PrivateFrameworks/Sharing.framework/Versions/A/Sharing
0x000000000b06e000 	/System/Library/Frameworks/CoreGraphics.framework/Versions/A/CoreGraphics
0x000000000b06e000 	/System/Library/Frameworks/CoreImage.framework/Versions/A/CoreImage
0x000000000b06e000 	/System/Library/Frameworks/CoreText.framework/Versions/A/CoreText
0x000000000b06e000 	/System/Library/Frameworks/ImageIO.framework/Versions/A/ImageIO
0x000000000b06e000 	/System/Library/PrivateFrameworks/Backup.framework/Versions/A/Backup
0x000000000b06e000 	/usr/lib/libextension.dylib
0x000000000b06e000 	/usr/lib/libarchive.2.dylib
0x000000000b06e000 	/System/Library/Frameworks/CFNetwork.framework/Versions/A/CFNetwork
0x000000000b06e000 	/System/Library/Frameworks/SystemConfiguration.framework/Versions/A/SystemConfiguration
0x000000000b06e000 	/usr/lib/libCRFSuite.dylib
0x000000000b06e000 	/usr/lib/libc++.1.dylib
0x000000000b06e000 	/usr/lib/libc++abi.dylib
0x000000000b06e000 	/usr/lib/system/libcache.dylib
0x000000000b06e000 	/usr/lib/system/libcommonCrypto.dylib
0x000000000b06e000 	/usr/lib/system/libcompiler_rt.dylib
0x000000000b06e000 	/usr/lib/system/libcopyfile.dylib
0x000000000b06e000 	/usr/lib/system/libcorecrypto.dylib
0x000000000b06e000 	/usr/lib/system/libdispatch.dylib
0x000000000b06e000 	/usr/lib/system/libdyld.dylib
0x000000000b06e000 	/usr/lib/system/libkeymgr.dylib
0x000000000b06e000 	/usr/lib/system/liblaunch.dylib
0x000000000b06e000 	/usr/lib/system/libmacho.dylib
0x000000000b06e000 	/usr/lib/system/libquarantine.dylib
0x000000000b06e000 	/usr/lib/system/libremovefile.dylib
0x000000000b06e000 	/usr/lib/system/libsystem_asl.dylib
0x000000000b06e000 	/usr/lib/system/libsystem_blocks.dylib
0x000000000b06e000 	/usr/lib/system/libsystem_c.dylib
0x000000000b06e000 	/usr/lib/system/libsystem_configuration.dylib
0x000000000b06e000 	/usr/lib/system/libsystem_coreservices.dylib
0x000000000b06e000 	/usr/lib/system/libsystem_coretls.dylib
0x000000000b06e000 	/usr/lib/system/libsystem_dnssd.dylib
0x000000000b06e000 	/usr/lib/system/libsystem_info.dylib
0x000000000b06e000 	/usr/lib/system/libsystem_kernel.dylib
0x000000000b06e000 	/usr/lib/system/libsystem_m.dylib
0x000000000b06e000 	/usr/lib/system/libsystem_malloc.dylib
0x000000000b06e000 	/usr/lib/system/libsystem_network.dylib
0x000000000b06e000 	/usr/lib/system/libsystem_networkextension.dylib
0x000000000b06e000 	/usr/lib/system/libsystem_notify.dylib
0x000000000b06e000 	/usr/lib/system/libsystem_platform.dylib
0x000000000b06e000 	/usr/lib/system/libsystem_pthread.dylib
0x000000000b06e000 	/usr/lib/system/libsystem_sandbox.dylib
0x000000000b06e000 	/usr/lib/system/libsystem_secinit.dylib
0x000000000b06e000 	/usr/lib/system/libsystem_trace.dylib
0x000000000b06e000 	/usr/lib/system/libunc.dylib
0x000000000b06e000 	/usr/lib/system/libunwind.dylib
0x000000000b06e000 	/usr/lib/system/libxpc.dylib
0x000000000b06e000 	/usr/lib/libenergytrace.dylib
0x000000000b06e000 	/usr/lib/libbsm.0.dylib
0x000000000b06e000 	/usr/lib/system/libkxld.dylib
0x000000000b06e000 	/usr/lib/libxar.1.dylib
0x000000000b06e000 	/usr/lib/libsqlite3.dylib
0x000000000b06e000 	/usr/lib/libpam.2.dylib
0x000000000b06e000 	/usr/lib/libOpenScriptingUtil.dylib
0x000000000b06e000 	/usr/lib/libbz2.1.0.dylib
0x000000000b06e000 	/usr/lib/liblzma.5.dylib
0x000000000b06e000 	/System/Library/Frameworks/CoreServices.framework/Versions/A/Frameworks/FSEvents.framework/Versions/A/FSEvents
0x000000000b06e000 	/System/Library/Frameworks/CoreServices.framework/Versions/A/Frameworks/CarbonCore.framework/Versions/A/CarbonCore
0x000000000b06e000 	/System/Library/Frameworks/CoreServices.framework/Versions/A/Frameworks/Metadata.framework/Versions/A/Metadata
0x000000000b06e000 	/System/Library/Frameworks/CoreServices.framework/Versions/A/Frameworks/OSServices.framework/Versions/A/OSServices
0x000000000b06e000 	/System/Library/Frameworks/CoreServices.framework/Versions/A/Frameworks/SearchKit.framework/Versions/A/SearchKit
0x000000000b06e000 	/System/Library/Frameworks/CoreServices.framework/Versions/A/Frameworks/AE.framework/Versions/A/AE
0x000000000b06e000 	/System/Library/Frameworks/CoreServices.framework/Versions/A/Frameworks/LaunchServices.framework/Versions/A/LaunchServices
0x000000000b06e000 	/System/Library/Frameworks/CoreServices.framework/Versions/A/Frameworks/DictionaryServices.framework/Versions/A/DictionaryServices
0x000000000b06e000 	/System/Library/Frameworks/CoreServices.framework/Versions/A/Frameworks/SharedFileList.framework/Versions/A/SharedFileList
0x000000000b06e000 	/System/Library/Frameworks/NetFS.framework/Versions/A/NetFS
0x000000000b06e000 	/System/Library/PrivateFrameworks/NetAuth.framework/Versions/A/NetAuth
0x000000000b06e000 	/System/Library/PrivateFrameworks/login.framework/Versions/A/Frameworks/loginsupport.framework/Versions/A/loginsupport
0x000000000b06e000 	/System/Library/PrivateFrameworks/TCC.framework/Versions/A/TCC
0x000000000b06e000 	/usr/lib/libmecabra.dylib
0x000000000b06e000 	/System/Library/Frameworks/ApplicationServices.framework/Versions/A/Frameworks/ATS.framework/Versions/A/ATS
0x000000000b06e000 	/System/Library/Frameworks/ApplicationServices.framework/Versions/A/Frameworks/ColorSync.framework/Versions/A/ColorSync
0x000000000b06e000 	/System/Library/Frameworks/ApplicationServices.framework/Versions/A/Frameworks/HIServices.framework/Versions/A/HIServices
0x000000000b06e000 	/System/Library/Frameworks/ApplicationServices.framework/Versions/A/Frameworks/LangAnalysis.framework/Versions/A/LangAnalysis
0x000000000b06e000 	/System/Library/Frameworks/ApplicationServices.framework/Versions/A/Frameworks/PrintCore.framework/Versions/A/PrintCore
0x000000000b06e000 	/System/Library/Frameworks/ApplicationServices.framework/Versions/A/Frameworks/QD.framework/Versions/A/QD
0x000000000b06e000 	/System/Library/Frameworks/ApplicationServices.framework/Versions/A/Frameworks/SpeechSynthesis.framework/Versions/A/SpeechSynthesis
0x000000000b06e000 	/System/Library/Frameworks/Metal.framework/Versions/A/Metal
0x000000000b06e000 	/System/Library/Frameworks/Accelerate.framework/Versions/A/Frameworks/vImage.framework/Versions/A/vImage
0x000000000b06e000 	/System/Library/Frameworks/Accelerate.framework/Versions/A/Frameworks/vecLib.framework/Versions/A/vecLib
0x000000000b06e000 	/System/Library/Frameworks/Accelerate.framework/Versions/A/Frameworks/vecLib.framework/Versions/A/libvDSP.dylib
0x000000000b06e000 	/System/Library/Frameworks/Accelerate.framework/Versions/A/Frameworks/vecLib.framework/Versions/A/libvMisc.dylib
0x000000000b06e000 	/System/Library/Frameworks/Accelerate.framework/Versions/A/Frameworks/vecLib.framework/Versions/A/libLAPACK.dylib
0x000000000b06e000 	/System/Library/Frameworks/Accelerate.framework/Versions/A/Frameworks/vecLib.framework/Versions/A/libBLAS.dylib
0x000000000b06e000 	/System/Library/Frameworks/Accelerate.framework/Versions/A/Frameworks/vecLib.framework/Versions/A/libLinearAlgebra.dylib
0x000000000b06e000 	/System/Library/Frameworks/Accelerate.framework/Versions/A/Frameworks/vecLib.framework/Versions/A/libSparseBLAS.dylib
0x000000000b06e000 	/System/Library/PrivateFrameworks/GPUCompiler.framework/libmetal_timestamp.dylib
0x000000000b06e000 	/System/Library/Frameworks/OpenGL.framework/Versions/A/Libraries/libCoreFSCache.dylib
0x000000000b06e000 	/System/Library/PrivateFrameworks/IOAccelerator.framework/Versions/A/IOAccelerator
0x000000000b06e000 	/System/Library/Frameworks/ApplicationServices.framework/Versions/A/Frameworks/ATS.framework/Versions/A/Resources/libFontParser.dylib
0x000000000b06e000 	/System/Library/Frameworks/ApplicationServices.framework/Versions/A/Frameworks/ATS.framework/Versions/A/Resources/libFontRegistry.dylib
0x000000000b06e000 	/System/Library/PrivateFrameworks/AppleVPA.framework/Versions/A/AppleVPA
0x000000000b06e000 	/System/Library/PrivateFrameworks/AppleJPEG.framework/Versions/A/AppleJPEG
0x000000000b06e000 	/System/Library/Frameworks/ImageIO.framework/Versions/A/Resources/libJPEG.dylib
0x000000000b06e000 	/System/Library/Frameworks/ImageIO.framework/Versions/A/Resources/libTIFF.dylib
0x000000000b06e000 	/System/Library/Frameworks/ImageIO.framework/Versions/A/Resources/libPng.dylib
0x000000000b06e000 	/System/Library/Frameworks/ImageIO.framework/Versions/A/Resources/libGIF.dylib
0x000000000b06e000 	/System/Library/Frameworks/ImageIO.framework/Versions/A/Resources/libJP2.dylib
0x000000000b06e000 	/System/Library/Frameworks/ImageIO.framework/Versions/A/Resources/libRadiance.dylib
0x000000000b06e000 	/System/Library/Frameworks/CoreVideo.framework/Versions/A/CoreVideo
0x000000000b06e000 	/System/Library/Frameworks/OpenGL.framework/Versions/A/Libraries/libGLU.dylib
0x000000000b06e000 	/System/Library/Frameworks/OpenGL.framework/Versions/A/Libraries/libGFXShared.dylib
0x000000000b06e000 	/System/Library/Frameworks/OpenGL.framework/Versions/A/Libraries/libGL.dylib
0x000000000b06e000 	/System/Library/Frameworks/OpenGL.framework/Versions/A/Libraries/libGLImage.dylib
0x000000000b06e000 	/System/Library/Frameworks/OpenGL.framework/Versions/A/Libraries/libCVMSPluginSupport.dylib
0x000000000b06e000 	/System/Library/Frameworks/OpenGL.framework/Versions/A/Libraries/libCoreVMClient.dylib
0x000000000b06e000 	/usr/lib/libcompression.dylib
0x000000000b06e000 	/usr/lib/libcups.2.dylib
0x000000000b06e000 	/System/Library/Frameworks/Kerberos.framework/Versions/A/Kerberos
0x000000000b06e000 	/System/Library/Frameworks/GSS.framework/Versions/A/GSS
0x000000000b06e000 	/usr/lib/libresolv.9.dylib
0x000000000b06e000 	/usr/lib/libiconv.2.dylib
0x000000000b06e000 	/System/Library/PrivateFrameworks/Heimdal.framework/Versions/A/Heimdal
0x000000000b06e000 	/usr/lib/libheimdal-asn1.dylib
0x000000000b06e000 	/System/Library/Frameworks/OpenDirectory.framework/Versions/A/OpenDirectory
0x000000000b06e000 	/System/Library/PrivateFrameworks/CommonAuth.framework/Versions/A/CommonAuth
0x000000000b06e000 	/System/Library/Frameworks/OpenDirectory.framework/Versions/A/Frameworks/CFOpenDirectory.framework/Versions/A/CFOpenDirectory
0x000000000b06e000 	/System/Library/Frameworks/SecurityFoundation.framework/Versions/A/SecurityFoundation
0x000000000b06e000 	/System/Library/PrivateFrameworks/LanguageModeling.framework/Versions/A/LanguageModeling
0x000000000b06e000 	/usr/lib/libmarisa.dylib
0x000000000b06e000 	/usr/lib/libChineseTokenizer.dylib
0x000000000b06e000 	/usr/lib/libcmph.dylib
0x000000000b06e000 	/System/Library/Frameworks/ServiceManagement.framework/Versions/A/ServiceManagement
0x000000000b06e000 	/usr/lib/libxslt.1.dylib
0x000000000b06e000 	/System/Library/Frameworks/Carbon.framework/Versions/A/Frameworks/Ink.framework/Versions/A/Ink
0x000000000b06e000 	/usr/lib/libFosl_dynamic.dylib
0x000000000b06e000 	/System/Library/PrivateFrameworks/FaceCore.framework/Versions/A/FaceCore
0x000000000b06e000 	/System/Library/Frameworks/OpenCL.framework/Versions/A/OpenCL
0x000000000b06e000 	/System/Library/PrivateFrameworks/CrashReporterSupport.framework/Versions/A/CrashReporterSupport
0x000000000b06e000 	/System/Library/PrivateFrameworks/IconServices.framework/Versions/A/IconServices
0x000000000b06e000 	/System/Library/PrivateFrameworks/Apple80211.framework/Versions/A/Apple80211
0x000000000b06e000 	/System/Library/Frameworks/CoreWLAN.framework/Versions/A/CoreWLAN
0x000000000b06e000 	/System/Library/Frameworks/IOBluetooth.framework/Versions/A/IOBluetooth
0x000000000b06e000 	/System/Library/PrivateFrameworks/CoreWiFi.framework/Versions/A/CoreWiFi
0x000000000b06e000 	/System/Library/Frameworks/CoreBluetooth.framework/Versions/A/CoreBluetooth
0x000000000b06e000 	/System/Library/PrivateFrameworks/ChunkingLibrary.framework/Versions/A/ChunkingLibrary
0x000000000b06e000 	/System/Library/PrivateFrameworks/DebugSymbols.framework/Versions/A/DebugSymbols
0x000000000b06e000 	/System/Library/PrivateFrameworks/CoreSymbolication.framework/Versions/A/CoreSymbolication
0x000000000b06e000 	/System/Library/PrivateFrameworks/Symbolication.framework/Versions/A/Symbolication
0x000000000b06e000 	/System/Library/PrivateFrameworks/SpeechRecognitionCore.framework/Versions/A/SpeechRecognitionCore
0x0000000105200000 	/Library/Java/JavaVirtualMachines/jdk1.8.0_92.jdk/Contents/Home/jre/lib/server/libjvm.dylib
0x000000000b06e000 	/usr/lib/libstdc++.6.dylib
0x0000000104069000 	/Library/Java/JavaVirtualMachines/jdk1.8.0_92.jdk/Contents/Home/jre/lib/libverify.dylib
0x0000000104077000 	/Library/Java/JavaVirtualMachines/jdk1.8.0_92.jdk/Contents/Home/jre/lib/libjava.dylib
0x00000001040ad000 	/Library/Java/JavaVirtualMachines/jdk1.8.0_92.jdk/Contents/Home/jre/lib/libjdwp.dylib
0x00000001040f8000 	/Library/Java/JavaVirtualMachines/jdk1.8.0_92.jdk/Contents/Home/jre/lib/libnpt.dylib
0x0000000104105000 	/Library/Java/JavaVirtualMachines/jdk1.8.0_92.jdk/Contents/Home/jre/lib/libzip.dylib
0x00000001041e2000 	/System/Library/Frameworks/JavaVM.framework/Frameworks/JavaRuntimeSupport.framework/JavaRuntimeSupport
0x0000000121179000 	/System/Library/Frameworks/JavaVM.framework/Versions/A/Frameworks/JavaNativeFoundation.framework/Versions/A/JavaNativeFoundation
0x000000012118e000 	/System/Library/Frameworks/JavaVM.framework/Versions/A/JavaVM
0x000000000b06e000 	/System/Library/Frameworks/Carbon.framework/Versions/A/Carbon
0x000000012119b000 	/System/Library/PrivateFrameworks/JavaLaunching.framework/Versions/A/JavaLaunching
0x000000000b06e000 	/System/Library/Frameworks/Carbon.framework/Versions/A/Frameworks/CommonPanels.framework/Versions/A/CommonPanels
0x000000000b06e000 	/System/Library/Frameworks/Carbon.framework/Versions/A/Frameworks/Help.framework/Versions/A/Help
0x000000000b06e000 	/System/Library/Frameworks/Carbon.framework/Versions/A/Frameworks/ImageCapture.framework/Versions/A/ImageCapture
0x000000000b06e000 	/System/Library/Frameworks/Carbon.framework/Versions/A/Frameworks/OpenScripting.framework/Versions/A/OpenScripting
0x000000000b06e000 	/System/Library/Frameworks/Carbon.framework/Versions/A/Frameworks/Print.framework/Versions/A/Print
0x000000000b06e000 	/System/Library/Frameworks/Carbon.framework/Versions/A/Frameworks/SecurityHI.framework/Versions/A/SecurityHI
0x0000000122abb000 	/Library/Java/JavaVirtualMachines/jdk1.8.0_92.jdk/Contents/Home/jre/lib/libdt_socket.dylib
0x000000012323c000 	/Library/Java/JavaVirtualMachines/jdk1.8.0_92.jdk/Contents/Home/jre/lib/libnet.dylib
0x00000001235b5000 	/Library/Java/JavaVirtualMachines/jdk1.8.0_92.jdk/Contents/Home/jre/lib/libnio.dylib
0x0000000123c53000 	/Library/Java/JavaVirtualMachines/jdk1.8.0_92.jdk/Contents/Home/jre/lib/libawt.dylib
0x0000000123cfb000 	/Library/Java/JavaVirtualMachines/jdk1.8.0_92.jdk/Contents/Home/jre/lib/./libmlib_image.dylib
0x0000000123dc7000 	/Library/Java/JavaVirtualMachines/jdk1.8.0_92.jdk/Contents/Home/jre/lib/libawt_lwawt.dylib
0x0000000123e7c000 	/Library/Java/JavaVirtualMachines/jdk1.8.0_92.jdk/Contents/Home/jre/lib/./libosxapp.dylib
0x000000000b06e000 	/System/Library/Frameworks/ExceptionHandling.framework/Versions/A/ExceptionHandling
0x000000000b06e000 	/System/Library/PrivateFrameworks/CoreServicesInternal.framework/Versions/A/CoreServicesInternal
0x000000000b06e000 	/System/Library/Frameworks/CoreGraphics.framework/Versions/A/Resources/libRIP.A.dylib
0x000000000b06e000 	/System/Library/Frameworks/Accelerate.framework/Versions/A/Frameworks/vImage.framework/Versions/A/Libraries/libCGInterfaces.dylib
0x000000000b06e000 	/System/Library/Frameworks/CoreGraphics.framework/Versions/A/Resources/libCGXType.A.dylib
0x000000000b06e000 	/System/Library/Frameworks/OpenCL.framework/Versions/A/Libraries/libcldcpuengine.dylib
0x000000000b06e000 	/System/Library/PrivateFrameworks/DiskImages.framework/Versions/A/DiskImages
0x000000000b06e000 	/System/Library/Frameworks/DiscRecording.framework/Versions/A/DiscRecording
0x000000000b06e000 	/usr/lib/libcsfde.dylib
0x000000000b06e000 	/usr/lib/libcurl.4.dylib
0x000000000b06e000 	/System/Library/PrivateFrameworks/MediaKit.framework/Versions/A/MediaKit
0x000000000b06e000 	/System/Library/PrivateFrameworks/ProtectedCloudStorage.framework/Versions/A/ProtectedCloudStorage
0x000000000b06e000 	/usr/lib/libCoreStorage.dylib
0x000000000b06e000 	/System/Library/PrivateFrameworks/EFILogin.framework/Versions/A/EFILogin
0x000000000b06e000 	/usr/lib/libutil.dylib
0x000000000b06e000 	/System/Library/PrivateFrameworks/FindMyDevice.framework/Versions/A/FindMyDevice
0x000000000b06e000 	/System/Library/Frameworks/LDAP.framework/Versions/A/LDAP
0x000000000b06e000 	/usr/lib/libsasl2.2.dylib
0x000000000b06e000 	/System/Library/PrivateFrameworks/CoreDaemon.framework/Versions/B/CoreDaemon
0x000000000b06e000 	/usr/lib/libcrypto.0.9.8.dylib
0x000000000b06e000 	/System/Library/PrivateFrameworks/AppleSRP.framework/Versions/A/AppleSRP
0x000000000b06e000 	/System/Library/PrivateFrameworks/TrustEvaluationAgent.framework/Versions/A/TrustEvaluationAgent
0x0000000123373000 	cl_kernels
0x000000000b06e000 	/System/Library/Frameworks/OpenCL.framework/Versions/A/Libraries/ImageFormats/unorm8_bgra.dylib
0x000000000b06e000 	/System/Library/Frameworks/OpenCL.framework/Versions/A/Libraries/ImageFormats/unorm8_rgba.dylib
0x000000000b06e000 	/System/Library/PrivateFrameworks/FamilyControls.framework/Versions/A/FamilyControls
0x000000000b06e000 	/System/Library/PrivateFrameworks/CommerceKit.framework/Versions/A/Frameworks/CommerceCore.framework/Versions/A/CommerceCore
0x000000000b06e000 	/System/Library/PrivateFrameworks/SystemAdministration.framework/Versions/A/SystemAdministration
0x000000000b06e000 	/System/Library/PrivateFrameworks/AppContainer.framework/Versions/A/AppContainer
0x000000000b06e000 	/System/Library/PrivateFrameworks/SecCodeWrapper.framework/Versions/A/SecCodeWrapper
0x000000000b06e000 	/System/Library/Frameworks/DirectoryService.framework/Versions/A/DirectoryService
0x000000000b06e000 	/System/Library/PrivateFrameworks/LoginUIKit.framework/Versions/A/Frameworks/LoginUICore.framework/Versions/A/LoginUICore
0x000000000b06e000 	/usr/lib/libodfde.dylib
0x00000001234d6000 	/Library/Java/JavaVirtualMachines/jdk1.8.0_92.jdk/Contents/Home/jre/lib/libmanagement.dylib
0x00000001239f3000 	/Library/Java/JavaVirtualMachines/jdk1.8.0_92.jdk/Contents/Home/jre/lib/libjpeg.dylib
0x00000001242e2000 	/Library/Java/JavaVirtualMachines/jdk1.8.0_92.jdk/Contents/Home/jre/lib/liblcms.dylib
0x000000000b06e000 	/System/Library/Frameworks/OpenGL.framework/Versions/A/Resources/GLEngine.bundle/GLEngine
0x000000000b06e000 	/System/Library/Frameworks/OpenGL.framework/Versions/A/Libraries/libGLProgrammability.dylib
0x0000000127692000 	/System/Library/Extensions/AppleIntelHD5000GraphicsGLDriver.bundle/Contents/MacOS/AppleIntelHD5000GraphicsGLDriver
0x000000000b06e000 	/System/Library/PrivateFrameworks/GPUSupport.framework/Versions/A/Libraries/libGPUSupportMercury.dylib
0x000000000b06e000 	/System/Library/Extensions/GeForceGLDriver.bundle/Contents/MacOS/GeForceGLDriver
0x000000000b06e000 	/System/Library/Extensions/GeForceGLDriver.bundle/Contents/MacOS/libclh.dylib
0x000000000b06e000 	/System/Library/Frameworks/OpenGL.framework/Versions/A/Resources/GLRendererFloat.bundle/GLRendererFloat

VM Arguments:
jvm_args: -agentlib:jdwp=transport=dt_socket,suspend=y,address=localhost:51366 -Dfile.encoding=UTF-8 
java_command: org.eclipse.jdt.internal.junit.runner.RemoteTestRunner -version 3 -port 51365 -testLoaderClass org.eclipse.jdt.internal.junit4.runner.JUnit4TestLoader -loaderpluginname org.eclipse.jdt.junit4.runtime -testNameFile /var/folders/35/6312tvrx14vc49_s3k91bg_00000gn/T/testNames5955661246597570889.txt
java_class_path (initial): /Users/BigDataDaddy/Documents/workspace/06-jcoalesce/src/Coalesce.Framework.Persister.Accumulo/target/test-classes:/Users/BigDataDaddy/Documents/workspace/06-jcoalesce/src/Coalesce.Framework.Persister.Accumulo/target/classes:/Users/BigDataDaddy/Documents/workspace/06-jcoalesce/src/Coalesce/target/classes:/Users/BigDataDaddy/Documents/workspace/06-jcoalesce/src/Coalesce/target/test-classes:/Users/BigDataDaddy/.m2/repository/org/codehaus/jettison/jettison/1.3.7/jettison-1.3.7.jar:/Users/BigDataDaddy/.m2/repository/stax/stax-api/1.0.1/stax-api-1.0.1.jar:/Users/BigDataDaddy/.m2/repository/jaxen/jaxen/1.1.6/jaxen-1.1.6.jar:/Users/BigDataDaddy/.m2/repository/com/vividsolutions/jts/1.13/jts-1.13.jar:/Users/BigDataDaddy/.m2/repository/commons-collections/commons-collections/3.2.1/commons-collections-3.2.1.jar:/Users/BigDataDaddy/.m2/repository/commons-io/commons-io/2.4/commons-io-2.4.jar:/Users/BigDataDaddy/.m2/repository/commons-lang/commons-lang/2.6/commons-lang-2.6.jar:/Users/BigDataDaddy/.m2/repository/org/imgscalr/imgscalr-lib/4.2/imgscalr-lib-4.2.jar:/Users/BigDataDaddy/.m2/repository/com/drewnoakes/metadata-extractor/2.6.2/metadata-extractor-2.6.2.jar:/Users/BigDataDaddy/.m2/repository/com/adobe/xmp/xmpcore/5.1.2/xmpcore-5.1.2.jar:/Users/BigDataDaddy/.m2/repository/org/jdom/jdom2/2.0.5/jdom2-2.0.5.jar:/Users/BigDataDaddy/.m2/repository/xerces/xercesImpl/2.11.0/xercesImpl-2.11.0.jar:/Users/BigDataDaddy/.m2/repository/xml-apis/xml-apis/1.4.01/xml-apis-1.4.01.jar:/Users/BigDataDaddy/.m2/repository/org/apache/felix/org.apache.felix.scr/1.8.2/org.apache.felix.scr-1.8.2.jar:/Users/BigDataDaddy/.m2/repository/org/codehaus/mojo/animal-sniffer-annotations/1.9/animal-sniffer-annotations-1.9.jar:/Users/BigDataDaddy/.m2/repository/org/apache/felix/org.apache.felix.scr.annotations/1.7.0/org.apache.felix.scr.annotations-1.7.0.jar:/Users/BigDataDaddy/.m2/repository/org/joda/joda-convert/1.8.1/joda-convert-1.8.1.jar:/Users/BigDataDaddy/.m2/repository/jod
Launcher Type: SUN_STANDARD

Environment Variables:
PATH=/usr/bin:/bin:/usr/sbin:/sbin
SHELL=/bin/bash

Signal Handlers:
SIGSEGV: [libjvm.dylib+0x5aa779], sa_mask[0]=11111111011111110111111111111111, sa_flags=SA_ONSTACK|SA_RESTART|SA_SIGINFO
SIGBUS: [libjvm.dylib+0x5aa779], sa_mask[0]=11111111011111110111111111111111, sa_flags=SA_RESTART|SA_SIGINFO
SIGFPE: [libjvm.dylib+0x4831d0], sa_mask[0]=11111111011111110111111111111111, sa_flags=SA_RESTART|SA_SIGINFO
SIGPIPE: [libjvm.dylib+0x4831d0], sa_mask[0]=11111111011111110111111111111111, sa_flags=SA_RESTART|SA_SIGINFO
SIGXFSZ: [libjvm.dylib+0x4831d0], sa_mask[0]=11111111011111110111111111111111, sa_flags=SA_RESTART|SA_SIGINFO
SIGILL: [libjvm.dylib+0x4831d0], sa_mask[0]=11111111011111110111111111111111, sa_flags=SA_RESTART|SA_SIGINFO
SIGUSR1: SIG_DFL, sa_mask[0]=00000000000000000000000000000000, sa_flags=none
SIGUSR2: [libjvm.dylib+0x482cee], sa_mask[0]=00100000000000000000000000000000, sa_flags=SA_RESTART|SA_SIGINFO
SIGHUP: [libjvm.dylib+0x4812c5], sa_mask[0]=11111111011111110111111111111111, sa_flags=SA_RESTART|SA_SIGINFO
SIGINT: [libjvm.dylib+0x4812c5], sa_mask[0]=11111111011111110111111111111111, sa_flags=SA_RESTART|SA_SIGINFO
SIGTERM: [libjvm.dylib+0x4812c5], sa_mask[0]=11111111011111110111111111111111, sa_flags=SA_RESTART|SA_SIGINFO
SIGQUIT: [libjvm.dylib+0x4812c5], sa_mask[0]=11111111011111110111111111111111, sa_flags=SA_RESTART|SA_SIGINFO


---------------  S Y S T E M  ---------------

OS:Bsduname:Darwin 15.5.0 Darwin Kernel Version 15.5.0: Tue Apr 19 18:36:36 PDT 2016; root:xnu-3248.50.21~8/RELEASE_X86_64 x86_64
rlimit: STACK 8192k, CORE 0k, NPROC 709, NOFILE 10240, AS infinity
load average:2.03 1.96 2.02

CPU:total 8 (4 cores per cpu, 2 threads per core) family 6 model 70 stepping 1, cmov, cx8, fxsr, mmx, sse, sse2, sse3, ssse3, sse4.1, sse4.2, popcnt, avx, avx2, aes, clmul, erms, rtm, lzcnt, ht, tsc, tscinvbit, bmi1, bmi2

Memory: 4k page, physical 16777216k(26984k free)

/proc/meminfo:


vm_info: Java HotSpot(TM) 64-Bit Server VM (25.92-b14) for bsd-amd64 JRE (1.8.0_92-b14), built on Mar 31 2016 21:23:14 by "java_re" with gcc 4.2.1 (Based on Apple Inc. build 5658) (LLVM build 2336.11.00)

time: Tue Jul  5 13:44:04 2016
elapsed time: 1073 seconds (0d 0h 17m 53s)

