#
# A fatal error has been detected by the Java Runtime Environment:
#
#  SIGSEGV (0xb) at pc=0x00007f9c6a1559ae, pid=16530, tid=140309470885632
#
# JRE version: Java(TM) SE Runtime Environment (7.0_60-b19) (build 1.7.0_60-b19)
# Java VM: Java HotSpot(TM) 64-Bit Server VM (24.60-b09 mixed mode linux-amd64 compressed oops)
# Problematic frame:
# V  [libjvm.so+0x6a69ae]  JNIHandles::checked_resolve_jmethod_id(_jmethodID*)+0xe
#
# Failed to write core dump. Core dumps have been disabled. To enable core dumping, try "ulimit -c unlimited" before starting Java again
#
# If you would like to submit a bug report, please visit:
#   http://bugreport.sun.com/bugreport/crash.jsp
#

---------------  T H R E A D  ---------------

Current thread (0x00007f9c6409e000):  JavaThread "JDWP Transport Listener: dt_socket" daemon [_thread_in_vm, id=16547, stack(0x00007f9c581bb000,0x00007f9c582bc000)]

siginfo:si_signo=SIGSEGV: si_errno=0, si_code=128 (), si_addr=0x0000000000000000

Registers:
RAX=0x0000000000000001, RBX=0x00007f9c64004810, RCX=0x00000036450182a0, RDX=0x00007f9c6a8f8ec0
RSP=0x00007f9c582ba8b0, RBP=0x00007f9c582ba8c0, RSI=0x00007f9c6409e000, RDI=0xaf00309c7f000024
R8 =0x0000000000000000, R9 =0x0000000000000000, R10=0x6d6172662f656373, R11=0x0000003644b5a1d0
R12=0x0000000000000017, R13=0xaf00309c7f000024, R14=0x00007f9c6409e000, R15=0x00007f9c582ba9c7
RIP=0x00007f9c6a1559ae, EFLAGS=0x0000000000010286, CSGSFS=0x0000000000000033, ERR=0x0000000000000000
  TRAPNO=0x000000000000000d

Top of Stack: (sp=0x00007f9c582ba8b0)
0x00007f9c582ba8b0:   0000000000000074 00007f9c64004810
0x00007f9c582ba8c0:   00007f9c582ba930 00007f9c6a146dde
0x00007f9c582ba8d0:   0000000000000073 00007f9c582ba8e0
0x00007f9c582ba8e0:   00007f9c6409e000 0000000000000000
0x00007f9c582ba8f0:   00007f9c00000000 0000000000000000
0x00007f9c582ba900:   00007f9c582ba920 00007f9c69574120
0x00007f9c582ba910:   af00309c7f000024 00007f9c582ba9c7
0x00007f9c582ba920:   0000000000000040 00007f9c582ba9c7
0x00007f9c582ba930:   00007f9c582ba960 00007f9c6935f472
0x00007f9c582ba940:   00007f9c582ba960 af00309c7f000024
0x00007f9c582ba950:   00007f9c582baa30 0000000000000200
0x00007f9c582ba960:   00007f9c582ba9f0 00007f9c69340a60
0x00007f9c582ba970:   00007f9c582ba9a8 00007f9c582ba9a0
0x00007f9c582ba980:   00007f9c582ba998 00007f9c582ba9bc
0x00007f9c582ba990:   000000013000c270 0000000000000000
0x00007f9c582ba9a0:   0000000000000000 0000000000000000
0x00007f9c582ba9b0:   00007f9c3000c920 00000009582baa30
0x00007f9c582ba9c0:   0000000000000041 0000000000000002
0x00007f9c582ba9d0:   000000000000000f 0000000000000002
0x00007f9c582ba9e0:   00000000000f0200 000000000000000f
0x00007f9c582ba9f0:   00007f9c582bac40 00007f9c6934b976
0x00007f9c582baa00:   000132e000000013 00007f9c6a0f0200
0x00007f9c582baa10:   00007f9c20000fb0 00007f9c6409e000
0x00007f9c582baa20:   00007f9c582baa30 00007f9c582babc0
0x00007f9c582baa30:   00007f9c3003bd63 00007f9c0000084d
0x00007f9c582baa40:   00007f9c3002d340 000000000000012c
0x00007f9c582baa50:   00007f9c582baa80 00007f9c30046fd0
0x00007f9c582baa60:   0000000000000000 000132e000000014
0x00007f9c582baa70:   00007f9c0000ab80 00007f9c582baa80
0x00007f9c582baa80:   9c7f000041000000 12000000b041003c
0x00007f9c582baa90:   697373694d646461 6e656d656c45676e
0x00007f9c582baaa0:   4c28bf0000007374 61636e692f6d6f63 

Instructions: (pc=0x00007f9c6a1559ae)
0x00007f9c6a15598e:   20 00 e9 52 ff ff ff 90 90 90 90 90 90 90 90 90
0x00007f9c6a15599e:   90 90 55 48 89 e5 53 48 83 ec 08 48 85 ff 74 3c
0x00007f9c6a1559ae:   48 8b 1f 48 85 db 74 34 48 b8 fe fe fe fe fe fe
0x00007f9c6a1559be:   fe fe 48 39 c3 74 25 48 8b 05 dc fb 75 00 80 38 

Register to memory mapping:

RAX=0x0000000000000001 is an unknown value
RBX=0x00007f9c64004810 is an unknown value
RCX=0x00000036450182a0: <offset 0x2182a0> in /lib64/libpthread.so.0 at 0x0000003644e00000
RDX=0x00007f9c6a8f8ec0: <offset 0xe49ec0> in /mnt/mvnevans/opt1/omega/jdk1.7.0_60/jre/lib/amd64/server/libjvm.so at 0x00007f9c69aaf000
RSP=0x00007f9c582ba8b0 is pointing into the stack for thread: 0x00007f9c6409e000
RBP=0x00007f9c582ba8c0 is pointing into the stack for thread: 0x00007f9c6409e000
RSI=0x00007f9c6409e000 is a thread
RDI=0xaf00309c7f000024 is an unknown value
R8 =0x0000000000000000 is an unknown value
R9 =0x0000000000000000 is an unknown value
R10=0x6d6172662f656373 is an unknown value
R11=0x0000003644b5a1d0: <offset 0x15a1d0> in /lib64/libc.so.6 at 0x0000003644a00000
R12=0x0000000000000017 is an unknown value
R13=0xaf00309c7f000024 is an unknown value
R14=0x00007f9c6409e000 is a thread
R15=0x00007f9c582ba9c7 is pointing into the stack for thread: 0x00007f9c6409e000


Stack: [0x00007f9c581bb000,0x00007f9c582bc000],  sp=0x00007f9c582ba8b0,  free space=1022k
Native frames: (J=compiled Java code, j=interpreted, Vv=VM code, C=native code)
V  [libjvm.so+0x6a69ae]  JNIHandles::checked_resolve_jmethod_id(_jmethodID*)+0xe
V  [libjvm.so+0x697dde]  jvmti_IsMethodSynthetic+0x23e
C  [libjdwp.so+0x25472]  isMethodSynthetic+0x42
C  [libjdwp.so+0x6a60]  methods1+0x1b0
C  [libjdwp.so+0x11976]  debugLoop_run+0x2b6
C  [libjdwp.so+0x243af]  attachThread+0x2f
V  [libjvm.so+0x6fc5b7]  JvmtiAgentThread::call_start_function()+0x97
V  [libjvm.so+0x958bdf]  JavaThread::thread_main_inner()+0xdf
V  [libjvm.so+0x958ce5]  JavaThread::run()+0xf5
V  [libjvm.so+0x81f7f8]  java_start(Thread*)+0x108


---------------  P R O C E S S  ---------------

Java Threads: ( => current thread )
  0x00007f9c6418a000 JavaThread "ReaderThread" [_thread_in_native, id=16557, stack(0x00007f9c2b7e3000,0x00007f9c2b8e4000)]
  0x00007f9c640a9800 JavaThread "Service Thread" daemon [_thread_blocked, id=16555, stack(0x00007f9c2bbfc000,0x00007f9c2bcfd000)]
  0x00007f9c640a7000 JavaThread "C2 CompilerThread1" daemon [_thread_blocked, id=16554, stack(0x00007f9c2bcfd000,0x00007f9c2bdfe000)]
  0x00007f9c640a4000 JavaThread "C2 CompilerThread0" daemon [_thread_blocked, id=16553, stack(0x00007f9c2bdfe000,0x00007f9c2beff000)]
  0x00007f9c30001000 JavaThread "JDWP Command Reader" daemon [_thread_in_native, id=16551, stack(0x00007f9c2beff000,0x00007f9c2c000000)]
  0x00007f9c640a2000 JavaThread "JDWP Event Helper Thread" daemon [_thread_blocked, id=16549, stack(0x00007f9c580ba000,0x00007f9c581bb000)]
=>0x00007f9c6409e000 JavaThread "JDWP Transport Listener: dt_socket" daemon [_thread_in_vm, id=16547, stack(0x00007f9c581bb000,0x00007f9c582bc000)]
  0x00007f9c64091000 JavaThread "Signal Dispatcher" daemon [_thread_blocked, id=16545, stack(0x00007f9c584c0000,0x00007f9c585c1000)]
  0x00007f9c64072800 JavaThread "Finalizer" daemon [_thread_blocked, id=16544, stack(0x00007f9c585c1000,0x00007f9c586c2000)]
  0x00007f9c64070800 JavaThread "Reference Handler" daemon [_thread_blocked, id=16543, stack(0x00007f9c586c2000,0x00007f9c587c3000)]
  0x00007f9c6400c800 JavaThread "main" [_thread_blocked, id=16536, stack(0x00007f9c699ae000,0x00007f9c69aaf000)]

Other Threads:
  0x00007f9c6406c000 VMThread [stack: 0x00007f9c587c3000,0x00007f9c588c4000] [id=16542]
  0x00007f9c640bc000 WatcherThread [stack: 0x00007f9c2bafb000,0x00007f9c2bbfc000] [id=16556]

VM state:not at safepoint (normal execution)

VM Mutex/Monitor currently owned by a thread: None

Heap
 PSYoungGen      total 75264K, used 24721K [0x00000007ace00000, 0x00000007b2180000, 0x0000000800000000)
  eden space 65024K, 38% used [0x00000007ace00000,0x00000007ae624748,0x00000007b0d80000)
  from space 10240K, 0% used [0x00000007b1780000,0x00000007b1780000,0x00000007b2180000)
  to   space 10240K, 0% used [0x00000007b0d80000,0x00000007b0d80000,0x00000007b1780000)
 ParOldGen       total 169984K, used 0K [0x0000000706a00000, 0x0000000711000000, 0x00000007ace00000)
  object space 169984K, 0% used [0x0000000706a00000,0x0000000706a00000,0x0000000711000000)
 PSPermGen       total 21504K, used 9659K [0x0000000701800000, 0x0000000702d00000, 0x0000000706a00000)
  object space 21504K, 44% used [0x0000000701800000,0x000000070216efa8,0x0000000702d00000)

Card table byte_map: [0x00007f9c5a97a000,0x00007f9c5b16f000] byte_map_base: 0x00007f9c5716e000

Polling page: 0x00007f9c6ab65000

Code Cache  [0x00007f9c5b16f000, 0x00007f9c5b3df000, 0x00007f9c5e16f000)
 total_blobs=327 nmethods=78 adapters=211 free_code_cache=48580Kb largest_free_block=49722368

Compilation events (10 events):
Event: 0.975 Thread 0x00007f9c640a4000 nmethod 73 0x00007f9c5b1e8810 code [0x00007f9c5b1e8960, 0x00007f9c5b1e8ab8]
Event: 0.976 Thread 0x00007f9c640a7000 nmethod 74 0x00007f9c5b1f9110 code [0x00007f9c5b1f9260, 0x00007f9c5b1f9378]
Event: 0.979 Thread 0x00007f9c640a4000   75             sun.nio.cs.UTF_8$Decoder::decode (640 bytes)
Event: 1.019 Thread 0x00007f9c640a4000 nmethod 75 0x00007f9c5b201110 code [0x00007f9c5b201440, 0x00007f9c5b2025f0]
Event: 1.034 Thread 0x00007f9c640a7000   76             java.lang.String::substring (79 bytes)
Event: 1.038 Thread 0x00007f9c640a7000 nmethod 76 0x00007f9c5b1f6cd0 code [0x00007f9c5b1f6e40, 0x00007f9c5b1f72b8]
Event: 1.058 Thread 0x00007f9c640a4000   77             java.util.jar.Manifest$FastInputStream::readLine (167 bytes)
Event: 1.069 Thread 0x00007f9c640a4000 nmethod 77 0x00007f9c5b1fe9d0 code [0x00007f9c5b1feb40, 0x00007f9c5b1ff128]
Event: 1.073 Thread 0x00007f9c640a7000   78             java.lang.String::equals (81 bytes)
Event: 1.079 Thread 0x00007f9c640a7000 nmethod 78 0x00007f9c5b1f7590 code [0x00007f9c5b1f76e0, 0x00007f9c5b1f7a18]

GC Heap History (0 events):
No events

Deoptimization events (10 events):
Event: 0.732 Thread 0x00007f9c6400c800 Uncommon trap: reason=range_check action=none pc=0x00007f9c5b1ea96c method=sun.reflect.generics.parser.SignatureParser.current()C @ 34
Event: 0.732 Thread 0x00007f9c6400c800 Uncommon trap: reason=range_check action=none pc=0x00007f9c5b1ea96c method=sun.reflect.generics.parser.SignatureParser.current()C @ 34
Event: 0.733 Thread 0x00007f9c6400c800 Uncommon trap: reason=range_check action=none pc=0x00007f9c5b1ea96c method=sun.reflect.generics.parser.SignatureParser.current()C @ 34
Event: 0.736 Thread 0x00007f9c6400c800 Uncommon trap: reason=range_check action=none pc=0x00007f9c5b1ea96c method=sun.reflect.generics.parser.SignatureParser.current()C @ 34
Event: 0.741 Thread 0x00007f9c6400c800 Uncommon trap: reason=range_check action=none pc=0x00007f9c5b1ea96c method=sun.reflect.generics.parser.SignatureParser.current()C @ 34
Event: 0.741 Thread 0x00007f9c6400c800 Uncommon trap: reason=range_check action=none pc=0x00007f9c5b1ea96c method=sun.reflect.generics.parser.SignatureParser.current()C @ 34
Event: 0.748 Thread 0x00007f9c6400c800 Uncommon trap: reason=range_check action=none pc=0x00007f9c5b1ea96c method=sun.reflect.generics.parser.SignatureParser.current()C @ 34
Event: 0.748 Thread 0x00007f9c6400c800 Uncommon trap: reason=range_check action=none pc=0x00007f9c5b1ea96c method=sun.reflect.generics.parser.SignatureParser.current()C @ 34
Event: 0.753 Thread 0x00007f9c6400c800 Uncommon trap: reason=range_check action=none pc=0x00007f9c5b1ea96c method=sun.reflect.generics.parser.SignatureParser.current()C @ 34
Event: 1.068 Thread 0x00007f9c6400c800 Uncommon trap: reason=null_check action=make_not_entrant pc=0x00007f9c5b1e7f7c method=java.lang.String.equals(Ljava/lang/Object;)Z @ 8

Internal exceptions (10 events):
Event: 1.059 Thread 0x00007f9c6400c800 Threw 0x00000007ae5a4100 at /HUDSON/workspace/7u-2-build-linux-amd64/jdk7u60/1081/hotspot/src/share/vm/prims/jvm.cpp:1244
Event: 1.060 Thread 0x00007f9c6400c800 Threw 0x00000007ae5a9378 at /HUDSON/workspace/7u-2-build-linux-amd64/jdk7u60/1081/hotspot/src/share/vm/prims/jvm.cpp:1244
Event: 1.061 Thread 0x00007f9c6400c800 Threw 0x00000007ae5ad600 at /HUDSON/workspace/7u-2-build-linux-amd64/jdk7u60/1081/hotspot/src/share/vm/prims/jvm.cpp:1244
Event: 1.062 Thread 0x00007f9c6400c800 Threw 0x00000007ae5b15d8 at /HUDSON/workspace/7u-2-build-linux-amd64/jdk7u60/1081/hotspot/src/share/vm/prims/jvm.cpp:1244
Event: 1.065 Thread 0x00007f9c6400c800 Threw 0x00000007ae5bfd00 at /HUDSON/workspace/7u-2-build-linux-amd64/jdk7u60/1081/hotspot/src/share/vm/prims/jvm.cpp:1244
Event: 1.065 Thread 0x00007f9c6400c800 Threw 0x00000007ae5c5f98 at /HUDSON/workspace/7u-2-build-linux-amd64/jdk7u60/1081/hotspot/src/share/vm/prims/jvm.cpp:1244
Event: 1.066 Thread 0x00007f9c6400c800 Threw 0x00000007ae5caad0 at /HUDSON/workspace/7u-2-build-linux-amd64/jdk7u60/1081/hotspot/src/share/vm/prims/jvm.cpp:1244
Event: 1.066 Thread 0x00007f9c6400c800 Threw 0x00000007ae5d0ee0 at /HUDSON/workspace/7u-2-build-linux-amd64/jdk7u60/1081/hotspot/src/share/vm/prims/jvm.cpp:1244
Event: 1.067 Thread 0x00007f9c6400c800 Threw 0x00000007ae5d7a40 at /HUDSON/workspace/7u-2-build-linux-amd64/jdk7u60/1081/hotspot/src/share/vm/prims/jvm.cpp:1244
Event: 1.068 Thread 0x00007f9c6400c800 Implicit null exception at 0x00007f9c5b1e7cdb to 0x00007f9c5b1e7f6d

Events (10 events):
Event: 461.056 Executing VM operation: RedefineClasses
Event: 461.057 Executing VM operation: RedefineClasses done
Event: 461.087 Executing VM operation: EnterInterpOnlyMode
Event: 461.087 Executing VM operation: EnterInterpOnlyMode done
Event: 461.087 Executing VM operation: GetCurrentLocation
Event: 461.087 Executing VM operation: GetCurrentLocation done
Event: 461.087 Executing VM operation: ChangeSingleStep
Event: 461.087 Executing VM operation: ChangeSingleStep done
Event: 461.088 Executing VM operation: ChangeSingleStep
Event: 461.088 Executing VM operation: ChangeSingleStep done


Dynamic libraries:
00400000-00401000 r-xp 00000000 00:20 116264810                          /mnt/mvnevans/opt1/omega/jdk1.7.0_60/bin/java
00600000-00601000 rw-p 00000000 00:20 116264810                          /mnt/mvnevans/opt1/omega/jdk1.7.0_60/bin/java
01b86000-01ba7000 rw-p 00000000 00:00 0                                  [heap]
701800000-702d00000 rw-p 00000000 00:00 0 
702d00000-706a00000 rw-p 00000000 00:00 0 
706a00000-711000000 rw-p 00000000 00:00 0 
711000000-7ace00000 rw-p 00000000 00:00 0 
7ace00000-7b2180000 rw-p 00000000 00:00 0 
7b2180000-800000000 rw-p 00000000 00:00 0 
3644600000-3644620000 r-xp 00000000 fd:00 1835036                        /lib64/ld-2.12.so
364481f000-3644820000 r--p 0001f000 fd:00 1835036                        /lib64/ld-2.12.so
3644820000-3644821000 rw-p 00020000 fd:00 1835036                        /lib64/ld-2.12.so
3644821000-3644822000 rw-p 00000000 00:00 0 
3644a00000-3644b8a000 r-xp 00000000 fd:00 1835038                        /lib64/libc-2.12.so
3644b8a000-3644d8a000 ---p 0018a000 fd:00 1835038                        /lib64/libc-2.12.so
3644d8a000-3644d8e000 r--p 0018a000 fd:00 1835038                        /lib64/libc-2.12.so
3644d8e000-3644d8f000 rw-p 0018e000 fd:00 1835038                        /lib64/libc-2.12.so
3644d8f000-3644d94000 rw-p 00000000 00:00 0 
3644e00000-3644e17000 r-xp 00000000 fd:00 1835183                        /lib64/libpthread-2.12.so
3644e17000-3645017000 ---p 00017000 fd:00 1835183                        /lib64/libpthread-2.12.so
3645017000-3645018000 r--p 00017000 fd:00 1835183                        /lib64/libpthread-2.12.so
3645018000-3645019000 rw-p 00018000 fd:00 1835183                        /lib64/libpthread-2.12.so
3645019000-364501d000 rw-p 00000000 00:00 0 
3645200000-3645202000 r-xp 00000000 fd:00 1835195                        /lib64/libdl-2.12.so
3645202000-3645402000 ---p 00002000 fd:00 1835195                        /lib64/libdl-2.12.so
3645402000-3645403000 r--p 00002000 fd:00 1835195                        /lib64/libdl-2.12.so
3645403000-3645404000 rw-p 00003000 fd:00 1835195                        /lib64/libdl-2.12.so
3645600000-3645683000 r-xp 00000000 fd:00 1835060                        /lib64/libm-2.12.so
3645683000-3645882000 ---p 00083000 fd:00 1835060                        /lib64/libm-2.12.so
3645882000-3645883000 r--p 00082000 fd:00 1835060                        /lib64/libm-2.12.so
3645883000-3645884000 rw-p 00083000 fd:00 1835060                        /lib64/libm-2.12.so
3645e00000-3645e07000 r-xp 00000000 fd:00 1835249                        /lib64/librt-2.12.so
3645e07000-3646006000 ---p 00007000 fd:00 1835249                        /lib64/librt-2.12.so
3646006000-3646007000 r--p 00006000 fd:00 1835249                        /lib64/librt-2.12.so
3646007000-3646008000 rw-p 00007000 fd:00 1835249                        /lib64/librt-2.12.so
7f9c08000000-7f9c08021000 rw-p 00000000 00:00 0 
7f9c08021000-7f9c0c000000 ---p 00000000 00:00 0 
7f9c10000000-7f9c10021000 rw-p 00000000 00:00 0 
7f9c10021000-7f9c14000000 ---p 00000000 00:00 0 
7f9c14000000-7f9c14021000 rw-p 00000000 00:00 0 
7f9c14021000-7f9c18000000 ---p 00000000 00:00 0 
7f9c18000000-7f9c181dd000 rw-p 00000000 00:00 0 
7f9c181dd000-7f9c1c000000 ---p 00000000 00:00 0 
7f9c1c000000-7f9c1c22d000 rw-p 00000000 00:00 0 
7f9c1c22d000-7f9c20000000 ---p 00000000 00:00 0 
7f9c20000000-7f9c20021000 rw-p 00000000 00:00 0 
7f9c20021000-7f9c24000000 ---p 00000000 00:00 0 
7f9c24000000-7f9c24021000 rw-p 00000000 00:00 0 
7f9c24021000-7f9c28000000 ---p 00000000 00:00 0 
7f9c2b18b000-7f9c2b5d2000 rw-p 00000000 00:00 0 
7f9c2b5d2000-7f9c2b5e2000 r-xp 00000000 00:20 116264817                  /mnt/mvnevans/opt1/omega/jdk1.7.0_60/jre/lib/amd64/libnio.so
7f9c2b5e2000-7f9c2b7e2000 ---p 00010000 00:20 116264817                  /mnt/mvnevans/opt1/omega/jdk1.7.0_60/jre/lib/amd64/libnio.so
7f9c2b7e2000-7f9c2b7e3000 rw-p 00010000 00:20 116264817                  /mnt/mvnevans/opt1/omega/jdk1.7.0_60/jre/lib/amd64/libnio.so
7f9c2b7e3000-7f9c2b7e6000 ---p 00000000 00:00 0 
7f9c2b7e6000-7f9c2b8e4000 rw-p 00000000 00:00 0 
7f9c2b8e4000-7f9c2b8fa000 r-xp 00000000 00:20 116264816                  /mnt/mvnevans/opt1/omega/jdk1.7.0_60/jre/lib/amd64/libnet.so
7f9c2b8fa000-7f9c2bafa000 ---p 00016000 00:20 116264816                  /mnt/mvnevans/opt1/omega/jdk1.7.0_60/jre/lib/amd64/libnet.so
7f9c2bafa000-7f9c2bafb000 rw-p 00016000 00:20 116264816                  /mnt/mvnevans/opt1/omega/jdk1.7.0_60/jre/lib/amd64/libnet.so
7f9c2bafb000-7f9c2bafc000 ---p 00000000 00:00 0 
7f9c2bafc000-7f9c2bbfc000 rw-p 00000000 00:00 0 
7f9c2bbfc000-7f9c2bbff000 ---p 00000000 00:00 0 
7f9c2bbff000-7f9c2bcfd000 rw-p 00000000 00:00 0 
7f9c2bcfd000-7f9c2bd00000 ---p 00000000 00:00 0 
7f9c2bd00000-7f9c2bdfe000 rw-p 00000000 00:00 0 
7f9c2bdfe000-7f9c2be01000 ---p 00000000 00:00 0 
7f9c2be01000-7f9c2beff000 rw-p 00000000 00:00 0 
7f9c2beff000-7f9c2bf02000 ---p 00000000 00:00 0 
7f9c2bf02000-7f9c2c000000 rw-p 00000000 00:00 0 
7f9c2c000000-7f9c2c021000 rw-p 00000000 00:00 0 
7f9c2c021000-7f9c30000000 ---p 00000000 00:00 0 
7f9c30000000-7f9c30089000 rw-p 00000000 00:00 0 
7f9c30089000-7f9c34000000 ---p 00000000 00:00 0 
7f9c34000000-7f9c34021000 rw-p 00000000 00:00 0 
7f9c34021000-7f9c38000000 ---p 00000000 00:00 0 
7f9c38000000-7f9c38021000 rw-p 00000000 00:00 0 
7f9c38021000-7f9c3c000000 ---p 00000000 00:00 0 
7f9c3c000000-7f9c3c021000 rw-p 00000000 00:00 0 
7f9c3c021000-7f9c40000000 ---p 00000000 00:00 0 
7f9c400c0000-7f9c48000000 rw-p 00000000 00:00 0 
7f9c48000000-7f9c48021000 rw-p 00000000 00:00 0 
7f9c48021000-7f9c4c000000 ---p 00000000 00:00 0 
7f9c4c000000-7f9c4c021000 rw-p 00000000 00:00 0 
7f9c4c021000-7f9c50000000 ---p 00000000 00:00 0 
7f9c50000000-7f9c50021000 rw-p 00000000 00:00 0 
7f9c50021000-7f9c54000000 ---p 00000000 00:00 0 
7f9c54000000-7f9c54021000 rw-p 00000000 00:00 0 
7f9c54021000-7f9c58000000 ---p 00000000 00:00 0 
7f9c58043000-7f9c5804c000 r--s 00251000 00:20 116264839                  /mnt/mvnevans/opt1/omega/jdk1.7.0_60/jre/lib/resources.jar
7f9c5804c000-7f9c5807d000 rw-p 00000000 00:00 0 
7f9c5807d000-7f9c58080000 r--s 00016000 00:1f 58721184                   /home/evans_home/n78554/.m2/repository/org/apache/felix/org.osgi.core/1.4.0/org.osgi.core-1.4.0.jar
7f9c58080000-7f9c58082000 r--s 00009000 00:1f 62133162                   /home/evans_home/n78554/.m2/repository/org/hamcrest/hamcrest-core/1.3/hamcrest-core-1.3.jar
7f9c58082000-7f9c58088000 r--s 00036000 00:1f 50465027                   /home/evans_home/n78554/.m2/repository/junit/junit/4.11/junit-4.11.jar
7f9c58088000-7f9c58097000 r--s 00076000 00:1f 55708395                   /home/evans_home/n78554/.m2/repository/joda-time/joda-time/1.6.2/joda-time-1.6.2.jar
7f9c58097000-7f9c58098000 r--s 00001000 00:1f 71701303                   /home/evans_home/n78554/.m2/repository/com/incadencecorp/unity/unity-local-connector/0.0.1-SNAPSHOT/unity-local-connector-0.0.1-SNAPSHOT.jar
7f9c58098000-7f9c580a1000 r--s 0002d000 00:1f 76549612                   /home/evans_home/n78554/.m2/repository/xml-apis/xml-apis/1.4.01/xml-apis-1.4.01.jar
7f9c580a1000-7f9c580ba000 r--s 00135000 00:1f 76549609                   /home/evans_home/n78554/.m2/repository/xerces/xercesImpl/2.11.0/xercesImpl-2.11.0.jar
7f9c580ba000-7f9c580bd000 ---p 00000000 00:00 0 
7f9c580bd000-7f9c581bb000 rw-p 00000000 00:00 0 
7f9c581bb000-7f9c581be000 ---p 00000000 00:00 0 
7f9c581be000-7f9c582bc000 rw-p 00000000 00:00 0 
7f9c582bc000-7f9c582c0000 r-xp 00000000 00:20 116261114                  /mnt/mvnevans/opt1/omega/jdk1.7.0_60/jre/lib/amd64/libdt_socket.so
7f9c582c0000-7f9c584bf000 ---p 00004000 00:20 116261114                  /mnt/mvnevans/opt1/omega/jdk1.7.0_60/jre/lib/amd64/libdt_socket.so
7f9c584bf000-7f9c584c0000 rw-p 00003000 00:20 116261114                  /mnt/mvnevans/opt1/omega/jdk1.7.0_60/jre/lib/amd64/libdt_socket.so
7f9c584c0000-7f9c584c3000 ---p 00000000 00:00 0 
7f9c584c3000-7f9c585c1000 rw-p 00000000 00:00 0 
7f9c585c1000-7f9c585c4000 ---p 00000000 00:00 0 
7f9c585c4000-7f9c586c2000 rw-p 00000000 00:00 0 
7f9c586c2000-7f9c586c5000 ---p 00000000 00:00 0 
7f9c586c5000-7f9c587c3000 rw-p 00000000 00:00 0 
7f9c587c3000-7f9c587c4000 ---p 00000000 00:00 0 
7f9c587c4000-7f9c598c3000 rw-p 00000000 00:00 0 
7f9c598c3000-7f9c59a82000 r--s 039e2000 00:20 116264840                  /mnt/mvnevans/opt1/omega/jdk1.7.0_60/jre/lib/rt.jar
7f9c59a82000-7f9c5a347000 rw-p 00000000 00:00 0 
7f9c5a347000-7f9c5a348000 ---p 00000000 00:00 0 
7f9c5a348000-7f9c5a49b000 rw-p 00000000 00:00 0 
7f9c5a49b000-7f9c5a97a000 rw-p 00000000 00:00 0 
7f9c5a97a000-7f9c5a985000 rw-p 00000000 00:00 0 
7f9c5a985000-7f9c5a9a3000 rw-p 00000000 00:00 0 
7f9c5a9a3000-7f9c5a9f6000 rw-p 00000000 00:00 0 
7f9c5a9f6000-7f9c5aed5000 rw-p 00000000 00:00 0 
7f9c5aed5000-7f9c5aeff000 rw-p 00000000 00:00 0 
7f9c5aeff000-7f9c5b16e000 rw-p 00000000 00:00 0 
7f9c5b16e000-7f9c5b16f000 rw-p 00000000 00:00 0 
7f9c5b16f000-7f9c5b3df000 rwxp 00000000 00:00 0 
7f9c5b3df000-7f9c5e16f000 rw-p 00000000 00:00 0 
7f9c5e16f000-7f9c64000000 r--p 00000000 fd:00 1967370                    /usr/lib/locale/locale-archive
7f9c64000000-7f9c6438e000 rw-p 00000000 00:00 0 
7f9c6438e000-7f9c68000000 ---p 00000000 00:00 0 
7f9c68000000-7f9c68006000 r--s 00044000 00:1f 76549608                   /home/evans_home/n78554/.m2/repository/org/jdom/jdom2/2.0.5/jdom2-2.0.5.jar
7f9c68006000-7f9c68008000 r--s 0001b000 00:1f 75633192                   /home/evans_home/n78554/.m2/repository/com/adobe/xmp/xmpcore/5.1.2/xmpcore-5.1.2.jar
7f9c68008000-7f9c6800c000 r--s 00030000 00:1f 75633191                   /home/evans_home/n78554/.m2/repository/com/drewnoakes/metadata-extractor/2.6.2/metadata-extractor-2.6.2.jar
7f9c6800c000-7f9c6800d000 r--s 00006000 00:1f 75502003                   /home/evans_home/n78554/.m2/repository/org/imgscalr/imgscalr-lib/4.2/imgscalr-lib-4.2.jar
7f9c6800d000-7f9c68012000 r--s 00041000 00:1f 55444657                   /home/evans_home/n78554/.m2/repository/commons-lang/commons-lang/2.6/commons-lang-2.6.jar
7f9c68012000-7f9c68016000 r--s 0002a000 00:1f 57280406                   /home/evans_home/n78554/.m2/repository/commons-io/commons-io/2.4/commons-io-2.4.jar
7f9c68016000-7f9c68024000 r--s 0007f000 00:1f 54528611                   /home/evans_home/n78554/.m2/repository/commons-collections/commons-collections/3.2.1/commons-collections-3.2.1.jar
7f9c68024000-7f9c68074000 rw-p 00000000 00:00 0 
7f9c68074000-7f9c68075000 ---p 00000000 00:00 0 
7f9c68075000-7f9c68175000 rw-p 00000000 00:00 0 
7f9c68175000-7f9c68176000 ---p 00000000 00:00 0 
7f9c68176000-7f9c68276000 rw-p 00000000 00:00 0 
7f9c68276000-7f9c68277000 ---p 00000000 00:00 0 
7f9c68277000-7f9c68382000 rw-p 00000000 00:00 0 
7f9c68382000-7f9c683a0000 rw-p 00000000 00:00 0 
7f9c683a0000-7f9c683aa000 rw-p 00000000 00:00 0 
7f9c683aa000-7f9c68460000 rw-p 00000000 00:00 0 
7f9c68460000-7f9c6847a000 r-xp 00000000 00:20 116264820                  /mnt/mvnevans/opt1/omega/jdk1.7.0_60/jre/lib/amd64/libzip.so
7f9c6847a000-7f9c6867a000 ---p 0001a000 00:20 116264820                  /mnt/mvnevans/opt1/omega/jdk1.7.0_60/jre/lib/amd64/libzip.so
7f9c6867a000-7f9c6867b000 rw-p 0001a000 00:20 116264820                  /mnt/mvnevans/opt1/omega/jdk1.7.0_60/jre/lib/amd64/libzip.so
7f9c6867b000-7f9c68cf9000 r--s 00000000 fd:00 265587                     /var/lib/sss/mc/passwd
7f9c68cf9000-7f9c68d00000 r-xp 00000000 fd:00 1835027                    /lib64/libnss_sss.so.2
7f9c68d00000-7f9c68f00000 ---p 00007000 fd:00 1835027                    /lib64/libnss_sss.so.2
7f9c68f00000-7f9c68f01000 rw-p 00007000 fd:00 1835027                    /lib64/libnss_sss.so.2
7f9c68f01000-7f9c68f0d000 r-xp 00000000 fd:00 1835037                    /lib64/libnss_files-2.12.so
7f9c68f0d000-7f9c6910d000 ---p 0000c000 fd:00 1835037                    /lib64/libnss_files-2.12.so
7f9c6910d000-7f9c6910e000 r--p 0000c000 fd:00 1835037                    /lib64/libnss_files-2.12.so
7f9c6910e000-7f9c6910f000 rw-p 0000d000 fd:00 1835037                    /lib64/libnss_files-2.12.so
7f9c6910f000-7f9c69137000 rw-p 00000000 00:00 0 
7f9c69137000-7f9c6913a000 r-xp 00000000 00:20 116261129                  /mnt/mvnevans/opt1/omega/jdk1.7.0_60/jre/lib/amd64/libnpt.so
7f9c6913a000-7f9c69339000 ---p 00003000 00:20 116261129                  /mnt/mvnevans/opt1/omega/jdk1.7.0_60/jre/lib/amd64/libnpt.so
7f9c69339000-7f9c6933a000 rw-p 00002000 00:20 116261129                  /mnt/mvnevans/opt1/omega/jdk1.7.0_60/jre/lib/amd64/libnpt.so
7f9c6933a000-7f9c69373000 r-xp 00000000 00:20 116261101                  /mnt/mvnevans/opt1/omega/jdk1.7.0_60/jre/lib/amd64/libjdwp.so
7f9c69373000-7f9c69573000 ---p 00039000 00:20 116261101                  /mnt/mvnevans/opt1/omega/jdk1.7.0_60/jre/lib/amd64/libjdwp.so
7f9c69573000-7f9c69574000 rw-p 00039000 00:20 116261101                  /mnt/mvnevans/opt1/omega/jdk1.7.0_60/jre/lib/amd64/libjdwp.so
7f9c69574000-7f9c69575000 rw-p 00000000 00:00 0 
7f9c69575000-7f9c6959e000 r-xp 00000000 00:20 116264815                  /mnt/mvnevans/opt1/omega/jdk1.7.0_60/jre/lib/amd64/libjava.so
7f9c6959e000-7f9c6979e000 ---p 00029000 00:20 116264815                  /mnt/mvnevans/opt1/omega/jdk1.7.0_60/jre/lib/amd64/libjava.so
7f9c6979e000-7f9c697a0000 rw-p 00029000 00:20 116264815                  /mnt/mvnevans/opt1/omega/jdk1.7.0_60/jre/lib/amd64/libjava.so
7f9c697a0000-7f9c697ad000 r-xp 00000000 00:20 116264819                  /mnt/mvnevans/opt1/omega/jdk1.7.0_60/jre/lib/amd64/libverify.so
7f9c697ad000-7f9c699ac000 ---p 0000d000 00:20 116264819                  /mnt/mvnevans/opt1/omega/jdk1.7.0_60/jre/lib/amd64/libverify.so
7f9c699ac000-7f9c699ae000 rw-p 0000c000 00:20 116264819                  /mnt/mvnevans/opt1/omega/jdk1.7.0_60/jre/lib/amd64/libverify.so
7f9c699ae000-7f9c699b1000 ---p 00000000 00:00 0 
7f9c699b1000-7f9c69aaf000 rw-p 00000000 00:00 0 
7f9c69aaf000-7f9c6a61f000 r-xp 00000000 00:20 116264821                  /mnt/mvnevans/opt1/omega/jdk1.7.0_60/jre/lib/amd64/server/libjvm.so
7f9c6a61f000-7f9c6a81e000 ---p 00b70000 00:20 116264821                  /mnt/mvnevans/opt1/omega/jdk1.7.0_60/jre/lib/amd64/server/libjvm.so
7f9c6a81e000-7f9c6a8e2000 rw-p 00b6f000 00:20 116264821                  /mnt/mvnevans/opt1/omega/jdk1.7.0_60/jre/lib/amd64/server/libjvm.so
7f9c6a8e2000-7f9c6a926000 rw-p 00000000 00:00 0 
7f9c6a926000-7f9c6a93c000 r-xp 00000000 00:20 116134885                  /mnt/mvnevans/opt1/omega/jdk1.7.0_60/lib/amd64/jli/libjli.so
7f9c6a93c000-7f9c6ab3c000 ---p 00016000 00:20 116134885                  /mnt/mvnevans/opt1/omega/jdk1.7.0_60/lib/amd64/jli/libjli.so
7f9c6ab3c000-7f9c6ab3d000 rw-p 00016000 00:20 116134885                  /mnt/mvnevans/opt1/omega/jdk1.7.0_60/lib/amd64/jli/libjli.so
7f9c6ab3d000-7f9c6ab3e000 rw-p 00000000 00:00 0 
7f9c6ab41000-7f9c6ab45000 r--s 0008a000 00:20 116264835                  /mnt/mvnevans/opt1/omega/jdk1.7.0_60/jre/lib/jsse.jar
7f9c6ab45000-7f9c6ab56000 r--s 000b2000 00:1f 72486054                   /home/evans_home/n78554/.m2/repository/com/vividsolutions/jts/1.13/jts-1.13.jar
7f9c6ab56000-7f9c6ab5c000 r--s 00033000 00:1f 81006011                   /home/evans_home/n78554/.m2/repository/jaxen/jaxen/1.1.6/jaxen-1.1.6.jar
7f9c6ab5c000-7f9c6ab64000 rw-s 00000000 fd:00 1203788                    /tmp/hsperfdata_n78554/16530
7f9c6ab64000-7f9c6ab65000 rw-p 00000000 00:00 0 
7f9c6ab65000-7f9c6ab66000 r--p 00000000 00:00 0 
7f9c6ab66000-7f9c6ab67000 rw-p 00000000 00:00 0 
7fff40e09000-7fff40e1e000 rw-p 00000000 00:00 0                          [stack]
7fff40e75000-7fff40e76000 r-xp 00000000 00:00 0                          [vdso]
ffffffffff600000-ffffffffff601000 r-xp 00000000 00:00 0                  [vsyscall]

VM Arguments:
jvm_args: -agentlib:jdwp=transport=dt_socket,suspend=y,address=localhost:55986 -Djava.library.path=/opt/omega/hdf5/lib -Dfile.encoding=UTF-8 
java_command: org.eclipse.jdt.internal.junit.runner.RemoteTestRunner -version 3 -port 34750 -testLoaderClass org.eclipse.jdt.internal.junit4.runner.JUnit4TestLoader -loaderpluginname org.eclipse.jdt.junit4.runtime -test com.incadencecorp.coalesce.framework.datamodel.CoalesceEntityTest:mergeNewElementTest
Launcher Type: SUN_STANDARD

Environment Variables:
PATH=/bin:/usr/bin:/usr/X11R6/bin:/usr/local/bin
SHELL=/bin/bash
DISPLAY=:15.0

Signal Handlers:
SIGSEGV: [libjvm.so+0x99f0f0], sa_mask[0]=0x7ffbfeff, sa_flags=0x10000004
SIGBUS: [libjvm.so+0x99f0f0], sa_mask[0]=0x7ffbfeff, sa_flags=0x10000004
SIGFPE: [libjvm.so+0x81a6d0], sa_mask[0]=0x7ffbfeff, sa_flags=0x10000004
SIGPIPE: [libjvm.so+0x81a6d0], sa_mask[0]=0x7ffbfeff, sa_flags=0x10000004
SIGXFSZ: [libjvm.so+0x81a6d0], sa_mask[0]=0x7ffbfeff, sa_flags=0x10000004
SIGILL: [libjvm.so+0x81a6d0], sa_mask[0]=0x7ffbfeff, sa_flags=0x10000004
SIGUSR1: SIG_DFL, sa_mask[0]=0x00000000, sa_flags=0x00000000
SIGUSR2: [libjvm.so+0x81bed0], sa_mask[0]=0x00000004, sa_flags=0x10000004
SIGHUP: [libjvm.so+0x81cfd0], sa_mask[0]=0x7ffbfeff, sa_flags=0x10000004
SIGINT: [libjvm.so+0x81cfd0], sa_mask[0]=0x7ffbfeff, sa_flags=0x10000004
SIGTERM: [libjvm.so+0x81cfd0], sa_mask[0]=0x7ffbfeff, sa_flags=0x10000004
SIGQUIT: [libjvm.so+0x81cfd0], sa_mask[0]=0x7ffbfeff, sa_flags=0x10000004


---------------  S Y S T E M  ---------------

OS:Red Hat Enterprise Linux Server release 6.6 (Santiago)

uname:Linux 2.6.32-504.12.2.el6.x86_64 #1 SMP Sun Feb 1 12:14:02 EST 2015 x86_64
libc:glibc 2.12 NPTL 2.12 
rlimit: STACK 10240k, CORE 0k, NPROC 1024, NOFILE 4096, AS infinity
load average:0.04 0.08 0.13

/proc/meminfo:
MemTotal:       16336132 kB
MemFree:         3043672 kB
Buffers:          184476 kB
Cached:          5973056 kB
SwapCached:        36604 kB
Active:          7791012 kB
Inactive:        4305232 kB
Active(anon):    4752888 kB
Inactive(anon):  1221400 kB
Active(file):    3038124 kB
Inactive(file):  3083832 kB
Unevictable:          96 kB
Mlocked:              96 kB
SwapTotal:       8241148 kB
SwapFree:        7719432 kB
Dirty:               132 kB
Writeback:             0 kB
AnonPages:       5903584 kB
Mapped:           233808 kB
Shmem:             35196 kB
Slab:             786192 kB
SReclaimable:     664168 kB
SUnreclaim:       122024 kB
KernelStack:       10624 kB
PageTables:       239600 kB
NFS_Unstable:          0 kB
Bounce:                0 kB
WritebackTmp:          0 kB
CommitLimit:    16409212 kB
Committed_AS:   10694216 kB
VmallocTotal:   34359738367 kB
VmallocUsed:       69476 kB
VmallocChunk:   34359647836 kB
HardwareCorrupted:     0 kB
AnonHugePages:   4712448 kB
HugePages_Total:       0
HugePages_Free:        0
HugePages_Rsvd:        0
HugePages_Surp:        0
Hugepagesize:       2048 kB
DirectMap4k:        7980 kB
DirectMap2M:    16769024 kB


CPU:total 4 (2 cores per cpu, 1 threads per core) family 6 model 15 stepping 6, cmov, cx8, fxsr, mmx, sse, sse2, sse3, ssse3, tsc

/proc/cpuinfo:
processor	: 0
vendor_id	: GenuineIntel
cpu family	: 6
model		: 15
model name	: Intel(R) Xeon(R) CPU            5160  @ 3.00GHz
stepping	: 6
microcode	: 210
cpu MHz		: 1596.000
cache size	: 4096 KB
physical id	: 0
siblings	: 2
core id		: 0
cpu cores	: 2
apicid		: 0
initial apicid	: 0
fpu		: yes
fpu_exception	: yes
cpuid level	: 10
wp		: yes
flags		: fpu vme de pse tsc msr pae mce cx8 apic sep mtrr pge mca cmov pat pse36 clflush dts acpi mmx fxsr sse sse2 ss ht tm pbe syscall nx lm constant_tsc arch_perfmon pebs bts rep_good aperfmperf pni dtes64 monitor ds_cpl vmx est tm2 ssse3 cx16 xtpr pdcm dca lahf_lm dts tpr_shadow
bogomips	: 5985.13
clflush size	: 64
cache_alignment	: 64
address sizes	: 36 bits physical, 48 bits virtual
power management:

processor	: 1
vendor_id	: GenuineIntel
cpu family	: 6
model		: 15
model name	: Intel(R) Xeon(R) CPU            5160  @ 3.00GHz
stepping	: 6
microcode	: 210
cpu MHz		: 2394.000
cache size	: 4096 KB
physical id	: 0
siblings	: 2
core id		: 1
cpu cores	: 2
apicid		: 1
initial apicid	: 1
fpu		: yes
fpu_exception	: yes
cpuid level	: 10
wp		: yes
flags		: fpu vme de pse tsc msr pae mce cx8 apic sep mtrr pge mca cmov pat pse36 clflush dts acpi mmx fxsr sse sse2 ss ht tm pbe syscall nx lm constant_tsc arch_perfmon pebs bts rep_good aperfmperf pni dtes64 monitor ds_cpl vmx est tm2 ssse3 cx16 xtpr pdcm dca lahf_lm dts tpr_shadow
bogomips	: 5985.13
clflush size	: 64
cache_alignment	: 64
address sizes	: 36 bits physical, 48 bits virtual
power management:

processor	: 2
vendor_id	: GenuineIntel
cpu family	: 6
model		: 15
model name	: Intel(R) Xeon(R) CPU            5160  @ 3.00GHz
stepping	: 6
microcode	: 210
cpu MHz		: 2394.000
cache size	: 4096 KB
physical id	: 3
siblings	: 2
core id		: 0
cpu cores	: 2
apicid		: 6
initial apicid	: 6
fpu		: yes
fpu_exception	: yes
cpuid level	: 10
wp		: yes
flags		: fpu vme de pse tsc msr pae mce cx8 apic sep mtrr pge mca cmov pat pse36 clflush dts acpi mmx fxsr sse sse2 ss ht tm pbe syscall nx lm constant_tsc arch_perfmon pebs bts rep_good aperfmperf pni dtes64 monitor ds_cpl vmx est tm2 ssse3 cx16 xtpr pdcm dca lahf_lm dts tpr_shadow
bogomips	: 5985.03
clflush size	: 64
cache_alignment	: 64
address sizes	: 36 bits physical, 48 bits virtual
power management:

processor	: 3
vendor_id	: GenuineIntel
cpu family	: 6
model		: 15
model name	: Intel(R) Xeon(R) CPU            5160  @ 3.00GHz
stepping	: 6
microcode	: 210
cpu MHz		: 2394.000
cache size	: 4096 KB
physical id	: 3
siblings	: 2
core id		: 1
cpu cores	: 2
apicid		: 7
initial apicid	: 7
fpu		: yes
fpu_exception	: yes
cpuid level	: 10
wp		: yes
flags		: fpu vme de pse tsc msr pae mce cx8 apic sep mtrr pge mca cmov pat pse36 clflush dts acpi mmx fxsr sse sse2 ss ht tm pbe syscall nx lm constant_tsc arch_perfmon pebs bts rep_good aperfmperf pni dtes64 monitor ds_cpl vmx est tm2 ssse3 cx16 xtpr pdcm dca lahf_lm dts tpr_shadow
bogomips	: 5985.03
clflush size	: 64
cache_alignment	: 64
address sizes	: 36 bits physical, 48 bits virtual
power management:



Memory: 4k page, physical 16336132k(3043672k free), swap 8241148k(7719432k free)

vm_info: Java HotSpot(TM) 64-Bit Server VM (24.60-b09) for linux-amd64 JRE (1.7.0_60-b19), built on May  7 2014 13:18:30 by "java_re" with gcc 4.3.0 20080428 (Red Hat 4.3.0-8)

time: Thu Jun 18 13:42:07 2015
elapsed time: 461 seconds

